<?xml version="1.0" encoding="UTF-8"?>
<coverage generated="1784898603648" clover="3.2.0">
  <project timestamp="1784898603648" name="All files">
    <metrics statements="329" coveredstatements="329" conditionals="238" coveredconditionals="238" methods="151" coveredmethods="151" elements="718" coveredelements="718" complexity="0" loc="329" ncloc="329" packages="8" files="28" classes="28"/>
    <package name="api">
      <metrics statements="69" coveredstatements="69" conditionals="25" coveredconditionals="25" methods="27" coveredmethods="27"/>
      <file name="pokeapi.ts" path="/Users/yosef/Documents/Projects/Pokémon/src/api/pokeapi.ts">
        <metrics statements="53" coveredstatements="53" conditionals="21" coveredconditionals="21" methods="18" coveredmethods="18"/>
        <line num="13" count="9" type="stmt"/>
        <line num="15" count="9" type="stmt"/>
        <line num="22" count="401" type="stmt"/>
        <line num="23" count="401" type="stmt"/>
        <line num="29" count="815" type="stmt"/>
        <line num="30" count="815" type="stmt"/>
        <line num="34" count="43" type="stmt"/>
        <line num="37" count="772" type="cond" truecount="2" falsecount="0"/>
        <line num="38" count="354" type="stmt"/>
        <line num="44" count="418" type="stmt"/>
        <line num="48" count="51" type="stmt"/>
        <line num="49" count="1188" type="stmt"/>
        <line num="50" count="1188" type="cond" truecount="2" falsecount="0"/>
        <line num="58" count="43" type="stmt"/>
        <line num="59" count="41" type="cond" truecount="2" falsecount="0"/>
        <line num="60" count="41" type="stmt"/>
        <line num="65" count="19" type="stmt"/>
        <line num="66" count="19" type="stmt"/>
        <line num="74" count="729" type="stmt"/>
        <line num="75" count="729" type="stmt"/>
        <line num="79" count="342" type="stmt"/>
        <line num="81" count="1612" type="stmt"/>
        <line num="82" count="1612" type="cond" truecount="2" falsecount="0"/>
        <line num="84" count="1269" type="stmt"/>
        <line num="91" count="9" type="stmt"/>
        <line num="95" count="108" type="stmt"/>
        <line num="96" count="108" type="stmt"/>
        <line num="97" count="3855" type="stmt"/>
        <line num="99" count="108" type="stmt"/>
        <line num="115" count="42" type="stmt"/>
        <line num="116" count="42" type="stmt"/>
        <line num="118" count="42" type="stmt"/>
        <line num="119" count="126" type="stmt"/>
        <line num="120" count="126" type="stmt"/>
        <line num="122" count="756" type="stmt"/>
        <line num="123" count="410" type="stmt"/>
        <line num="124" count="346" type="stmt"/>
        <line num="128" count="126" type="stmt"/>
        <line num="129" count="756" type="cond" truecount="2" falsecount="0"/>
        <line num="130" count="410" type="stmt"/>
        <line num="131" count="410" type="stmt"/>
        <line num="132" count="1611" type="stmt"/>
        <line num="133" count="1611" type="cond" truecount="2" falsecount="0"/>
        <line num="134" count="1099" type="stmt"/>
        <line num="140" count="126" type="stmt"/>
        <line num="141" count="126" type="cond" truecount="4" falsecount="0"/>
        <line num="144" count="42" type="cond" truecount="2" falsecount="0"/>
        <line num="145" count="4" type="stmt"/>
        <line num="147" count="38" type="stmt"/>
        <line num="152" count="13" type="stmt"/>
        <line num="153" count="13" type="stmt"/>
        <line num="161" count="11" type="stmt"/>
        <line num="162" count="10" type="stmt"/>
      </file>
      <file name="queryClient.ts" path="/Users/yosef/Documents/Projects/Pokémon/src/api/queryClient.ts">
        <metrics statements="8" coveredstatements="8" conditionals="4" coveredconditionals="4" methods="3" coveredmethods="3"/>
        <line num="7" count="8" type="stmt"/>
        <line num="10" count="8" type="stmt"/>
        <line num="19" count="8" type="stmt"/>
        <line num="23" count="842" type="stmt"/>
        <line num="31" count="8" type="stmt"/>
        <line num="47" count="58" type="stmt"/>
        <line num="48" count="58" type="cond" truecount="2" falsecount="0"/>
        <line num="49" count="58" type="cond" truecount="2" falsecount="0"/>
      </file>
      <file name="queryKeys.ts" path="/Users/yosef/Documents/Projects/Pokémon/src/api/queryKeys.ts">
        <metrics statements="7" coveredstatements="7" conditionals="0" coveredconditionals="0" methods="6" coveredmethods="6"/>
        <line num="5" count="9" type="stmt"/>
        <line num="9" count="829" type="stmt"/>
        <line num="11" count="32" type="stmt"/>
        <line num="12" count="24" type="stmt"/>
        <line num="20" count="9" type="stmt"/>
        <line num="29" count="842" type="stmt"/>
        <line num="30" count="6322" type="stmt"/>
      </file>
      <file name="types.ts" path="/Users/yosef/Documents/Projects/Pokémon/src/api/types.ts">
        <metrics statements="1" coveredstatements="1" conditionals="0" coveredconditionals="0" methods="0" coveredmethods="0"/>
        <line num="79" count="9" type="stmt"/>
      </file>
    </package>
    <package name="app">
      <metrics statements="78" coveredstatements="78" conditionals="95" coveredconditionals="95" methods="27" coveredmethods="27"/>
      <file name="_layout.tsx" path="/Users/yosef/Documents/Projects/Pokémon/src/app/_layout.tsx">
        <metrics statements="19" coveredstatements="19" conditionals="14" coveredconditionals="14" methods="6" coveredmethods="6"/>
        <line num="20" count="6" type="stmt"/>
        <line num="22" count="6" type="stmt"/>
        <line num="23" count="6" type="stmt"/>
        <line num="25" count="6" type="stmt"/>
        <line num="27" count="164" type="stmt"/>
        <line num="32" count="113" type="stmt"/>
        <line num="33" count="113" type="cond" truecount="2" falsecount="0"/>
        <line num="34" count="113" type="stmt"/>
        <line num="35" count="113" type="stmt"/>
        <line num="42" count="113" type="stmt"/>
        <line num="43" count="56" type="stmt"/>
        <line num="44" count="56" type="stmt"/>
        <line num="45" count="56" type="cond" truecount="2" falsecount="0"/>
        <line num="46" count="54" type="stmt"/>
        <line num="47" count="54" type="stmt"/>
        <line num="52" count="56" type="stmt"/>
        <line num="58" count="113" type="cond" truecount="2" falsecount="0"/>
        <line num="60" count="57" type="stmt"/>
        <line num="70" count="1" type="cond" truecount="2" falsecount="0"/>
      </file>
      <file name="index.tsx" path="/Users/yosef/Documents/Projects/Pokémon/src/app/index.tsx">
        <metrics statements="59" coveredstatements="59" conditionals="81" coveredconditionals="81" methods="21" coveredmethods="21"/>
        <line num="25" count="4" type="stmt"/>
        <line num="28" count="122" type="stmt"/>
        <line num="29" count="122" type="stmt"/>
        <line num="30" count="122" type="stmt"/>
        <line num="31" count="122" type="cond" truecount="2" falsecount="0"/>
        <line num="32" count="122" type="stmt"/>
        <line num="33" count="122" type="stmt"/>
        <line num="34" count="122" type="stmt"/>
        <line num="35" count="122" type="stmt"/>
        <line num="37" count="122" type="stmt"/>
        <line num="38" count="122" type="stmt"/>
        <line num="40" count="122" type="stmt"/>
        <line num="41" count="122" type="stmt"/>
        <line num="42" count="122" type="stmt"/>
        <line num="43" count="122" type="stmt"/>
        <line num="45" count="122" type="stmt"/>
        <line num="46" count="2" type="stmt"/>
        <line num="52" count="122" type="stmt"/>
        <line num="54" count="1" type="stmt"/>
        <line num="56" count="1" type="stmt"/>
        <line num="63" count="122" type="stmt"/>
        <line num="64" count="122" type="stmt"/>
        <line num="65" count="122" type="stmt"/>
        <line num="67" count="837" type="stmt"/>
        <line num="81" count="122" type="stmt"/>
        <line num="82" count="1" type="stmt"/>
        <line num="85" count="1" type="stmt"/>
        <line num="86" count="1" type="stmt"/>
        <line num="89" count="122" type="stmt"/>
        <line num="90" count="4" type="cond" truecount="2" falsecount="0"/>
        <line num="91" count="4" type="cond" truecount="2" falsecount="0"/>
        <line num="92" count="4" type="cond" truecount="4" falsecount="0"/>
        <line num="93" count="4" type="cond" truecount="2" falsecount="0"/>
        <line num="96" count="122" type="stmt"/>
        <line num="97" count="9" type="stmt"/>
        <line num="98" count="9" type="cond" truecount="2" falsecount="0"/>
        <line num="105" count="122" type="stmt"/>
        <line num="106" count="100" type="cond" truecount="4" falsecount="0"/>
        <line num="107" count="16" type="stmt"/>
        <line num="108" count="4" type="stmt"/>
        <line num="110" count="96" type="cond" truecount="2" falsecount="0"/>
        <line num="111" count="80" type="cond" truecount="2" falsecount="0"/>
        <line num="112" count="72" type="cond" truecount="2" falsecount="0"/>
        <line num="116" count="122" type="cond" truecount="7" falsecount="0"/>
        <line num="121" count="122" type="cond" truecount="7" falsecount="0"/>
        <line num="124" count="122" type="cond" truecount="2" falsecount="0"/>
        <line num="126" count="122" type="stmt"/>
        <line num="127" count="122" type="cond" truecount="2" falsecount="0"/>
        <line num="129" count="122" type="cond" truecount="4" falsecount="0"/>
        <line num="135" count="122" type="stmt"/>
        <line num="149" count="7" type="stmt"/>
        <line num="163" count="19" type="stmt"/>
        <line num="165" count="1" type="stmt"/>
        <line num="202" count="400" type="stmt"/>
        <line num="210" count="1232" type="stmt"/>
        <line num="215" count="6" type="cond" truecount="6" falsecount="0"/>
        <line num="216" count="5" type="stmt"/>
        <line num="247" count="1" type="stmt"/>
        <line num="248" count="3" type="stmt"/>
      </file>
    </package>
    <package name="app.move">
      <metrics statements="8" coveredstatements="8" conditionals="22" coveredconditionals="22" methods="5" coveredmethods="5"/>
      <file name="[name].tsx" path="/Users/yosef/Documents/Projects/Pokémon/src/app/move/[name].tsx">
        <metrics statements="8" coveredstatements="8" conditionals="22" coveredconditionals="22" methods="5" coveredmethods="5"/>
        <line num="12" count="30" type="stmt"/>
        <line num="26" count="23" type="stmt"/>
        <line num="27" count="23" type="stmt"/>
        <line num="28" count="23" type="cond" truecount="2" falsecount="0"/>
        <line num="31" count="23" type="cond" truecount="2" falsecount="0"/>
        <line num="34" count="23" type="stmt"/>
        <line num="41" count="1" type="stmt"/>
        <line num="54" count="1" type="stmt"/>
      </file>
    </package>
    <package name="app.pokemon">
      <metrics statements="17" coveredstatements="17" conditionals="22" coveredconditionals="22" methods="11" coveredmethods="11"/>
      <file name="[name].tsx" path="/Users/yosef/Documents/Projects/Pokémon/src/app/pokemon/[name].tsx">
        <metrics statements="17" coveredstatements="17" conditionals="22" coveredconditionals="22" methods="11" coveredmethods="11"/>
        <line num="23" count="3" type="stmt"/>
        <line num="26" count="39" type="stmt"/>
        <line num="35" count="30" type="stmt"/>
        <line num="36" count="30" type="stmt"/>
        <line num="37" count="30" type="cond" truecount="2" falsecount="0"/>
        <line num="38" count="30" type="stmt"/>
        <line num="40" count="30" type="cond" truecount="2" falsecount="0"/>
        <line num="41" count="30" type="cond" truecount="2" falsecount="0"/>
        <line num="43" count="30" type="stmt"/>
        <line num="50" count="1" type="stmt"/>
        <line num="63" count="1" type="stmt"/>
        <line num="84" count="25" type="stmt"/>
        <line num="99" count="78" type="stmt"/>
        <line num="123" count="100" type="stmt"/>
        <line num="126" count="1" type="stmt"/>
        <line num="132" count="101" type="cond" truecount="2" falsecount="0"/>
        <line num="146" count="2" type="stmt"/>
      </file>
    </package>
    <package name="components">
      <metrics statements="74" coveredstatements="74" conditionals="40" coveredconditionals="40" methods="33" coveredmethods="33"/>
      <file name="AnimatedSplash.tsx" path="/Users/yosef/Documents/Projects/Pokémon/src/components/AnimatedSplash.tsx">
        <metrics statements="24" coveredstatements="24" conditionals="4" coveredconditionals="4" methods="9" coveredmethods="9"/>
        <line num="8" count="7" type="stmt"/>
        <line num="9" count="7" type="stmt"/>
        <line num="10" count="7" type="stmt"/>
        <line num="11" count="7" type="stmt"/>
        <line num="19" count="63" type="stmt"/>
        <line num="20" count="63" type="cond" truecount="2" falsecount="0"/>
        <line num="22" count="63" type="stmt"/>
        <line num="23" count="63" type="stmt"/>
        <line num="25" count="63" type="stmt"/>
        <line num="26" count="2" type="stmt"/>
        <line num="29" count="63" type="stmt"/>
        <line num="30" count="63" type="stmt"/>
        <line num="38" count="63" type="stmt"/>
        <line num="40" count="63" type="stmt"/>
        <line num="41" count="3" type="stmt"/>
        <line num="47" count="3" type="stmt"/>
        <line num="48" count="3" type="cond" truecount="2" falsecount="0"/>
        <line num="52" count="63" type="stmt"/>
        <line num="53" count="63" type="stmt"/>
        <line num="54" count="63" type="stmt"/>
        <line num="58" count="63" type="stmt"/>
        <line num="62" count="63" type="stmt"/>
        <line num="64" count="63" type="stmt"/>
        <line num="84" count="7" type="stmt"/>
      </file>
      <file name="Artwork.tsx" path="/Users/yosef/Documents/Projects/Pokémon/src/components/Artwork.tsx">
        <metrics statements="9" coveredstatements="9" conditionals="5" coveredconditionals="5" methods="4" coveredmethods="4"/>
        <line num="19" count="7" type="stmt"/>
        <line num="26" count="703" type="stmt"/>
        <line num="28" count="703" type="stmt"/>
        <line num="32" count="1406" type="stmt"/>
        <line num="34" count="703" type="stmt"/>
        <line num="36" count="703" type="cond" truecount="2" falsecount="0"/>
        <line num="37" count="3" type="stmt"/>
        <line num="48" count="700" type="stmt"/>
        <line num="56" count="3" type="stmt"/>
      </file>
      <file name="ErrorState.tsx" path="/Users/yosef/Documents/Projects/Pokémon/src/components/ErrorState.tsx">
        <metrics statements="1" coveredstatements="1" conditionals="3" coveredconditionals="3" methods="1" coveredmethods="1"/>
        <line num="11" count="13" type="stmt"/>
      </file>
      <file name="Pokeball.tsx" path="/Users/yosef/Documents/Projects/Pokémon/src/components/Pokeball.tsx">
        <metrics statements="4" coveredstatements="4" conditionals="2" coveredconditionals="2" methods="1" coveredmethods="1"/>
        <line num="9" count="8" type="stmt"/>
        <line num="13" count="7" type="stmt"/>
        <line num="14" count="7" type="stmt"/>
        <line num="16" count="7" type="stmt"/>
      </file>
      <file name="PokemonCard.tsx" path="/Users/yosef/Documents/Projects/Pokémon/src/components/PokemonCard.tsx">
        <metrics statements="7" coveredstatements="7" conditionals="4" coveredconditionals="4" methods="6" coveredmethods="6"/>
        <line num="22" count="5" type="stmt"/>
        <line num="29" count="681" type="stmt"/>
        <line num="31" count="3" type="stmt"/>
        <line num="32" count="3" type="stmt"/>
        <line num="37" count="682" type="cond" truecount="2" falsecount="0"/>
        <line num="52" count="1002" type="stmt"/>
        <line num="54" count="34" type="stmt"/>
      </file>
      <file name="Pulse.tsx" path="/Users/yosef/Documents/Projects/Pokémon/src/components/Pulse.tsx">
        <metrics statements="6" coveredstatements="6" conditionals="0" coveredconditionals="0" methods="3" coveredmethods="3"/>
        <line num="6" count="400" type="stmt"/>
        <line num="8" count="400" type="stmt"/>
        <line num="9" count="392" type="stmt"/>
        <line num="25" count="392" type="stmt"/>
        <line num="26" count="392" type="stmt"/>
        <line num="29" count="400" type="stmt"/>
      </file>
      <file name="ScreenHeader.tsx" path="/Users/yosef/Documents/Projects/Pokémon/src/components/ScreenHeader.tsx">
        <metrics statements="2" coveredstatements="2" conditionals="0" coveredconditionals="0" methods="1" coveredmethods="1"/>
        <line num="12" count="175" type="stmt"/>
        <line num="14" count="175" type="stmt"/>
      </file>
      <file name="SkeletonCard.tsx" path="/Users/yosef/Documents/Projects/Pokémon/src/components/SkeletonCard.tsx">
        <metrics statements="1" coveredstatements="1" conditionals="0" coveredconditionals="0" methods="1" coveredmethods="1"/>
        <line num="7" count="400" type="stmt"/>
      </file>
      <file name="StatBar.tsx" path="/Users/yosef/Documents/Projects/Pokémon/src/components/StatBar.tsx">
        <metrics statements="3" coveredstatements="3" conditionals="1" coveredconditionals="1" methods="1" coveredmethods="1"/>
        <line num="12" count="4" type="stmt"/>
        <line num="16" count="80" type="stmt"/>
        <line num="18" count="80" type="stmt"/>
      </file>
      <file name="TypeChip.tsx" path="/Users/yosef/Documents/Projects/Pokémon/src/components/TypeChip.tsx">
        <metrics statements="2" coveredstatements="2" conditionals="5" coveredconditionals="5" methods="1" coveredmethods="1"/>
        <line num="13" count="1037" type="stmt"/>
        <line num="14" count="1037" type="stmt"/>
      </file>
      <file name="TypeFilterSheet.tsx" path="/Users/yosef/Documents/Projects/Pokémon/src/components/TypeFilterSheet.tsx">
        <metrics statements="15" coveredstatements="15" conditionals="16" coveredconditionals="16" methods="5" coveredmethods="5"/>
        <line num="32" count="122" type="stmt"/>
        <line num="33" count="122" type="cond" truecount="2" falsecount="0"/>
        <line num="34" count="122" type="stmt"/>
        <line num="35" count="122" type="stmt"/>
        <line num="36" count="122" type="stmt"/>
        <line num="40" count="122" type="stmt"/>
        <line num="41" count="44" type="cond" truecount="2" falsecount="0"/>
        <line num="42" count="7" type="stmt"/>
        <line num="43" count="126" type="stmt"/>
        <line num="45" count="57" type="stmt"/>
        <line num="51" count="122" type="stmt"/>
        <line num="117" count="2196" type="stmt"/>
        <line num="118" count="2196" type="stmt"/>
        <line num="119" count="2196" type="stmt"/>
        <line num="122" count="8" type="stmt"/>
      </file>
    </package>
    <package name="hooks">
      <metrics statements="46" coveredstatements="46" conditionals="16" coveredconditionals="16" methods="33" coveredmethods="33"/>
      <file name="useMove.ts" path="/Users/yosef/Documents/Projects/Pokémon/src/hooks/useMove.ts">
        <metrics statements="2" coveredstatements="2" conditionals="0" coveredconditionals="0" methods="2" coveredmethods="2"/>
        <line num="8" count="23" type="stmt"/>
        <line num="10" count="11" type="stmt"/>
      </file>
      <file name="usePokemon.ts" path="/Users/yosef/Documents/Projects/Pokémon/src/hooks/usePokemon.ts">
        <metrics statements="2" coveredstatements="2" conditionals="0" coveredconditionals="0" methods="2" coveredmethods="2"/>
        <line num="11" count="30" type="stmt"/>
        <line num="13" count="14" type="stmt"/>
      </file>
      <file name="usePokemonByTypes.ts" path="/Users/yosef/Documents/Projects/Pokémon/src/hooks/usePokemonByTypes.ts">
        <metrics statements="13" coveredstatements="13" conditionals="4" coveredconditionals="4" methods="14" coveredmethods="14"/>
        <line num="20" count="72" type="stmt"/>
        <line num="21" count="72" type="stmt"/>
        <line num="23" count="72" type="cond" truecount="4" falsecount="0"/>
        <line num="24" count="19" type="stmt"/>
        <line num="25" count="46" type="stmt"/>
        <line num="26" count="74" type="stmt"/>
        <line num="28" count="72" type="stmt"/>
        <line num="30" count="42" type="stmt"/>
        <line num="31" count="47" type="stmt"/>
        <line num="32" count="3" type="stmt"/>
        <line num="42" count="133" type="stmt"/>
        <line num="43" count="37" type="stmt"/>
        <line num="45" count="13" type="stmt"/>
      </file>
      <file name="usePokemonList.ts" path="/Users/yosef/Documents/Projects/Pokémon/src/hooks/usePokemonList.ts">
        <metrics statements="4" coveredstatements="4" conditionals="2" coveredconditionals="2" methods="5" coveredmethods="5"/>
        <line num="8" count="122" type="stmt"/>
        <line num="10" count="40" type="stmt"/>
        <line num="12" count="226" type="cond" truecount="2" falsecount="0"/>
        <line num="13" count="125" type="stmt"/>
      </file>
      <file name="usePokemonSearch.ts" path="/Users/yosef/Documents/Projects/Pokémon/src/hooks/usePokemonSearch.ts">
        <metrics statements="19" coveredstatements="19" conditionals="10" coveredconditionals="10" methods="5" coveredmethods="5"/>
        <line num="8" count="5" type="stmt"/>
        <line num="18" count="19" type="stmt"/>
        <line num="19" count="19" type="cond" truecount="2" falsecount="0"/>
        <line num="21" count="17" type="stmt"/>
        <line num="22" count="17" type="cond" truecount="2" falsecount="0"/>
        <line num="23" count="6" type="stmt"/>
        <line num="24" count="6" type="stmt"/>
        <line num="25" count="62" type="stmt"/>
        <line num="26" count="8" type="stmt"/>
        <line num="30" count="11" type="stmt"/>
        <line num="31" count="11" type="stmt"/>
        <line num="32" count="11" type="stmt"/>
        <line num="33" count="300" type="cond" truecount="2" falsecount="0"/>
        <line num="34" count="288" type="cond" truecount="2" falsecount="0"/>
        <line num="36" count="11" type="stmt"/>
        <line num="44" count="122" type="stmt"/>
        <line num="51" count="122" type="stmt"/>
        <line num="52" count="55" type="cond" truecount="2" falsecount="0"/>
        <line num="56" count="122" type="stmt"/>
      </file>
      <file name="usePokemonTypeIndex.ts" path="/Users/yosef/Documents/Projects/Pokémon/src/hooks/usePokemonTypeIndex.ts">
        <metrics statements="6" coveredstatements="6" conditionals="0" coveredconditionals="0" methods="5" coveredmethods="5"/>
        <line num="13" count="122" type="stmt"/>
        <line num="15" count="122" type="stmt"/>
        <line num="18" count="37" type="stmt"/>
        <line num="20" count="666" type="stmt"/>
        <line num="22" count="656" type="stmt"/>
        <line num="25" count="68" type="stmt"/>
      </file>
    </package>
    <package name="theme">
      <metrics statements="16" coveredstatements="16" conditionals="8" coveredconditionals="8" methods="3" coveredmethods="3"/>
      <file name="paperTheme.ts" path="/Users/yosef/Documents/Projects/Pokémon/src/theme/paperTheme.ts">
        <metrics statements="4" coveredstatements="4" conditionals="0" coveredconditionals="0" methods="0" coveredmethods="0"/>
        <line num="8" count="7" type="stmt"/>
        <line num="22" count="7" type="stmt"/>
        <line num="36" count="7" type="stmt"/>
        <line num="54" count="7" type="stmt"/>
      </file>
      <file name="typeColors.ts" path="/Users/yosef/Documents/Projects/Pokémon/src/theme/typeColors.ts">
        <metrics statements="12" coveredstatements="12" conditionals="8" coveredconditionals="8" methods="3" coveredmethods="3"/>
        <line num="4" count="9" type="stmt"/>
        <line num="25" count="9" type="stmt"/>
        <line num="28" count="3311" type="cond" truecount="2" falsecount="0"/>
        <line num="36" count="3292" type="stmt"/>
        <line num="37" count="3292" type="stmt"/>
        <line num="38" count="3292" type="stmt"/>
        <line num="39" count="3292" type="stmt"/>
        <line num="41" count="3292" type="stmt"/>
        <line num="42" count="3292" type="cond" truecount="2" falsecount="0"/>
        <line num="47" count="83" type="cond" truecount="2" falsecount="0"/>
        <line num="48" count="34" type="cond" truecount="2" falsecount="0"/>
        <line num="49" count="5" type="stmt"/>
      </file>
    </package>
    <package name="utils">
      <metrics statements="21" coveredstatements="21" conditionals="10" coveredconditionals="10" methods="12" coveredmethods="12"/>
      <file name="format.ts" path="/Users/yosef/Documents/Projects/Pokémon/src/utils/format.ts">
        <metrics statements="21" coveredstatements="21" conditionals="10" coveredconditionals="10" methods="12" coveredmethods="12"/>
        <line num="3" count="1378" type="stmt"/>
        <line num="8" count="7785" type="stmt"/>
        <line num="10" count="7935" type="cond" truecount="2" falsecount="0"/>
        <line num="16" count="15" type="stmt"/>
        <line num="21" count="17" type="stmt"/>
        <line num="22" count="17" type="stmt"/>
        <line num="23" count="17" type="stmt"/>
        <line num="24" count="17" type="cond" truecount="2" falsecount="0"/>
        <line num="25" count="1" type="stmt"/>
        <line num="26" count="1" type="stmt"/>
        <line num="28" count="17" type="stmt"/>
        <line num="33" count="14" type="stmt"/>
        <line num="38" count="14" type="stmt"/>
        <line num="43" count="2803" type="stmt"/>
        <line num="44" count="2803" type="cond" truecount="2" falsecount="0"/>
        <line num="49" count="688" type="stmt"/>
        <line num="54" count="688" type="stmt"/>
        <line num="59" count="11" type="cond" truecount="2" falsecount="0"/>
        <line num="60" count="2" type="stmt"/>
        <line num="63" count="12" type="stmt"/>
        <line num="73" count="82" type="cond" truecount="2" falsecount="0"/>
      </file>
    </package>
  </project>
</coverage>
