{"/Users/yosef/Documents/Projects/Pokémon/src/api/pokeapi.ts": {"path":"/Users/yosef/Documents/Projects/Pokémon/src/api/pokeapi.ts","statementMap":{"0":{"start":{"line":13,"column":25},"end":{"line":13,"column":52}},"1":{"start":{"line":15,"column":18},"end":{"line":15,"column":20}},"2":{"start":{"line":22,"column":4},"end":{"line":22,"column":19}},"3":{"start":{"line":23,"column":4},"end":{"line":23,"column":27}},"4":{"start":{"line":29,"column":2},"end":{"line":35,"column":3}},"5":{"start":{"line":30,"column":4},"end":{"line":32,"column":7}},"6":{"start":{"line":34,"column":4},"end":{"line":34,"column":87}},"7":{"start":{"line":37,"column":2},"end":{"line":42,"column":3}},"8":{"start":{"line":38,"column":4},"end":{"line":41,"column":6}},"9":{"start":{"line":44,"column":2},"end":{"line":44,"column":38}},"10":{"start":{"line":48,"column":2},"end":{"line":51,"column":5}},"11":{"start":{"line":49,"column":15},"end":{"line":49,"column":35}},"12":{"start":{"line":50,"column":4},"end":{"line":50,"column":57}},"13":{"start":{"line":58,"column":15},"end":{"line":58,"column":99}},"14":{"start":{"line":59,"column":21},"end":{"line":59,"column":58}},"15":{"start":{"line":60,"column":2},"end":{"line":60,"column":79}},"16":{"start":{"line":65,"column":14},"end":{"line":65,"column":51}},"17":{"start":{"line":66,"column":2},"end":{"line":66,"column":67}},"18":{"start":{"line":74,"column":14},"end":{"line":74,"column":39}},"19":{"start":{"line":75,"column":15},"end":{"line":78,"column":3}},"20":{"start":{"line":79,"column":2},"end":{"line":84,"column":33}},"21":{"start":{"line":81,"column":17},"end":{"line":81,"column":39}},"22":{"start":{"line":82,"column":6},"end":{"line":82,"column":67}},"23":{"start":{"line":84,"column":20},"end":{"line":84,"column":31}},"24":{"start":{"line":91,"column":31},"end":{"line":91,"column":32}},"25":{"start":{"line":95,"column":34},"end":{"line":95,"column":53}},"26":{"start":{"line":96,"column":2},"end":{"line":98,"column":3}},"27":{"start":{"line":97,"column":4},"end":{"line":97,"column":88}},"28":{"start":{"line":97,"column":44},"end":{"line":97,"column":59}},"29":{"start":{"line":97,"column":76},"end":{"line":97,"column":86}},"30":{"start":{"line":99,"column":2},"end":{"line":99,"column":15}},"31":{"start":{"line":115,"column":18},"end":{"line":115,"column":69}},"32":{"start":{"line":116,"column":15},"end":{"line":116,"column":16}},"33":{"start":{"line":118,"column":2},"end":{"line":142,"column":3}},"34":{"start":{"line":118,"column":19},"end":{"line":118,"column":20}},"35":{"start":{"line":119,"column":18},"end":{"line":119,"column":76}},"36":{"start":{"line":120,"column":20},"end":{"line":126,"column":5}},"37":{"start":{"line":122,"column":8},"end":{"line":124,"column":28}},"38":{"start":{"line":123,"column":30},"end":{"line":123,"column":47}},"39":{"start":{"line":124,"column":23},"end":{"line":124,"column":27}},"40":{"start":{"line":128,"column":4},"end":{"line":136,"column":5}},"41":{"start":{"line":129,"column":6},"end":{"line":129,"column":28}},"42":{"start":{"line":129,"column":19},"end":{"line":129,"column":28}},"43":{"start":{"line":130,"column":6},"end":{"line":130,"column":18}},"44":{"start":{"line":131,"column":6},"end":{"line":135,"column":7}},"45":{"start":{"line":132,"column":22},"end":{"line":132,"column":46}},"46":{"start":{"line":133,"column":8},"end":{"line":134,"column":82}},"47":{"start":{"line":133,"column":19},"end":{"line":133,"column":72}},"48":{"start":{"line":134,"column":13},"end":{"line":134,"column":82}},"49":{"start":{"line":140,"column":24},"end":{"line":140,"column":78}},"50":{"start":{"line":141,"column":4},"end":{"line":141,"column":73}},"51":{"start":{"line":141,"column":42},"end":{"line":141,"column":73}},"52":{"start":{"line":144,"column":2},"end":{"line":146,"column":3}},"53":{"start":{"line":145,"column":4},"end":{"line":145,"column":98}},"54":{"start":{"line":147,"column":2},"end":{"line":147,"column":26}},"55":{"start":{"line":152,"column":14},"end":{"line":152,"column":51}},"56":{"start":{"line":153,"column":2},"end":{"line":153,"column":80}},"57":{"start":{"line":161,"column":15},"end":{"line":161,"column":85}},"58":{"start":{"line":162,"column":2},"end":{"line":162,"column":35}}},"fnMap":{"0":{"name":"(anonymous_0)","decl":{"start":{"line":18,"column":2},"end":{"line":18,"column":3}},"loc":{"start":{"line":21,"column":4},"end":{"line":24,"column":3}},"line":21},"1":{"name":"fetchJson","decl":{"start":{"line":27,"column":15},"end":{"line":27,"column":24}},"loc":{"start":{"line":27,"column":94},"end":{"line":45,"column":1}},"line":27},"2":{"name":"toSummaries","decl":{"start":{"line":47,"column":9},"end":{"line":47,"column":20}},"loc":{"start":{"line":47,"column":80},"end":{"line":52,"column":1}},"line":47},"3":{"name":"(anonymous_3)","decl":{"start":{"line":48,"column":25},"end":{"line":48,"column":26}},"loc":{"start":{"line":48,"column":36},"end":{"line":51,"column":3}},"line":48},"4":{"name":"getPokemonPage","decl":{"start":{"line":55,"column":22},"end":{"line":55,"column":36}},"loc":{"start":{"line":57,"column":84},"end":{"line":61,"column":1}},"line":57},"5":{"name":"getPokemon","decl":{"start":{"line":64,"column":16},"end":{"line":64,"column":26}},"loc":{"start":{"line":64,"column":72},"end":{"line":67,"column":1}},"line":64},"6":{"name":"getPokemonByType","decl":{"start":{"line":73,"column":22},"end":{"line":73,"column":38}},"loc":{"start":{"line":73,"column":76},"end":{"line":85,"column":1}},"line":73},"7":{"name":"(anonymous_7)","decl":{"start":{"line":80,"column":13},"end":{"line":80,"column":14}},"loc":{"start":{"line":80,"column":36},"end":{"line":83,"column":5}},"line":80},"8":{"name":"(anonymous_8)","decl":{"start":{"line":84,"column":10},"end":{"line":84,"column":11}},"loc":{"start":{"line":84,"column":20},"end":{"line":84,"column":31}},"line":84},"9":{"name":"toIndex","decl":{"start":{"line":93,"column":9},"end":{"line":93,"column":16}},"loc":{"start":{"line":93,"column":91},"end":{"line":100,"column":1}},"line":93},"10":{"name":"(anonymous_10)","decl":{"start":{"line":97,"column":34},"end":{"line":97,"column":35}},"loc":{"start":{"line":97,"column":44},"end":{"line":97,"column":59}},"line":97},"11":{"name":"(anonymous_11)","decl":{"start":{"line":97,"column":65},"end":{"line":97,"column":66}},"loc":{"start":{"line":97,"column":76},"end":{"line":97,"column":86}},"line":97},"12":{"name":"buildPokemonTypeIndex","decl":{"start":{"line":111,"column":22},"end":{"line":111,"column":43}},"loc":{"start":{"line":114,"column":29},"end":{"line":148,"column":1}},"line":114},"13":{"name":"(anonymous_13)","decl":{"start":{"line":121,"column":16},"end":{"line":121,"column":17}},"loc":{"start":{"line":122,"column":8},"end":{"line":124,"column":28}},"line":122},"14":{"name":"(anonymous_14)","decl":{"start":{"line":123,"column":16},"end":{"line":123,"column":17}},"loc":{"start":{"line":123,"column":30},"end":{"line":123,"column":47}},"line":123},"15":{"name":"(anonymous_15)","decl":{"start":{"line":124,"column":17},"end":{"line":124,"column":18}},"loc":{"start":{"line":124,"column":23},"end":{"line":124,"column":27}},"line":124},"16":{"name":"getMove","decl":{"start":{"line":151,"column":16},"end":{"line":151,"column":23}},"loc":{"start":{"line":151,"column":66},"end":{"line":154,"column":1}},"line":151},"17":{"name":"getAllPokemonNames","decl":{"start":{"line":160,"column":22},"end":{"line":160,"column":40}},"loc":{"start":{"line":160,"column":70},"end":{"line":163,"column":1}},"line":160}},"branchMap":{"0":{"loc":{"start":{"line":27,"column":42},"end":{"line":27,"column":80}},"type":"default-arg","locations":[{"start":{"line":27,"column":60},"end":{"line":27,"column":80}}],"line":27},"1":{"loc":{"start":{"line":37,"column":2},"end":{"line":42,"column":3}},"type":"if","locations":[{"start":{"line":37,"column":2},"end":{"line":42,"column":3}},{"start":{},"end":{}}],"line":37},"2":{"loc":{"start":{"line":39,"column":6},"end":{"line":39,"column":96}},"type":"cond-expr","locations":[{"start":{"line":39,"column":32},"end":{"line":39,"column":47}},{"start":{"line":39,"column":50},"end":{"line":39,"column":96}}],"line":39},"3":{"loc":{"start":{"line":50,"column":11},"end":{"line":50,"column":56}},"type":"cond-expr","locations":[{"start":{"line":50,"column":25},"end":{"line":50,"column":27}},{"start":{"line":50,"column":30},"end":{"line":50,"column":56}}],"line":50},"4":{"loc":{"start":{"line":59,"column":21},"end":{"line":59,"column":58}},"type":"cond-expr","locations":[{"start":{"line":59,"column":33},"end":{"line":59,"column":51}},{"start":{"line":59,"column":54},"end":{"line":59,"column":58}}],"line":59},"5":{"loc":{"start":{"line":82,"column":13},"end":{"line":82,"column":66}},"type":"cond-expr","locations":[{"start":{"line":82,"column":27},"end":{"line":82,"column":29}},{"start":{"line":82,"column":32},"end":{"line":82,"column":66}}],"line":82},"6":{"loc":{"start":{"line":129,"column":6},"end":{"line":129,"column":28}},"type":"if","locations":[{"start":{"line":129,"column":6},"end":{"line":129,"column":28}},{"start":{},"end":{}}],"line":129},"7":{"loc":{"start":{"line":133,"column":8},"end":{"line":134,"column":82}},"type":"if","locations":[{"start":{"line":133,"column":8},"end":{"line":134,"column":82}},{"start":{"line":134,"column":13},"end":{"line":134,"column":82}}],"line":133},"8":{"loc":{"start":{"line":141,"column":4},"end":{"line":141,"column":73}},"type":"if","locations":[{"start":{"line":141,"column":4},"end":{"line":141,"column":73}},{"start":{},"end":{}}],"line":141},"9":{"loc":{"start":{"line":141,"column":8},"end":{"line":141,"column":40}},"type":"binary-expr","locations":[{"start":{"line":141,"column":8},"end":{"line":141,"column":20}},{"start":{"line":141,"column":24},"end":{"line":141,"column":40}}],"line":141},"10":{"loc":{"start":{"line":144,"column":2},"end":{"line":146,"column":3}},"type":"if","locations":[{"start":{"line":144,"column":2},"end":{"line":146,"column":3}},{"start":{},"end":{}}],"line":144}},"s":{"0":9,"1":9,"2":401,"3":401,"4":815,"5":815,"6":43,"7":772,"8":354,"9":418,"10":51,"11":1188,"12":1188,"13":43,"14":41,"15":41,"16":19,"17":19,"18":729,"19":729,"20":342,"21":1612,"22":1612,"23":1269,"24":9,"25":108,"26":108,"27":2866,"28":989,"29":3855,"30":108,"31":42,"32":42,"33":42,"34":42,"35":126,"36":126,"37":756,"38":410,"39":346,"40":126,"41":756,"42":346,"43":410,"44":410,"45":1611,"46":1611,"47":512,"48":1099,"49":126,"50":126,"51":76,"52":42,"53":4,"54":38,"55":13,"56":13,"57":11,"58":10},"f":{"0":401,"1":815,"2":51,"3":1188,"4":43,"5":19,"6":729,"7":1612,"8":1269,"9":108,"10":989,"11":3855,"12":42,"13":756,"14":410,"15":346,"16":13,"17":11},"b":{"0":[73],"1":[354,418],"2":[332,22],"3":[1,1187],"4":[36,5],"5":[1,1611],"6":[346,410],"7":[512,1099],"8":[76,50],"9":[126,84],"10":[4,38]},"_coverageSchema":"1a1c01bbd47fc00a2c39e90264f33305004495a9","hash":"1d0491f906bee39bb65f08e600499fd42615c358"}
,"/Users/yosef/Documents/Projects/Pokémon/src/api/queryClient.ts": {"path":"/Users/yosef/Documents/Projects/Pokémon/src/api/queryClient.ts","statementMap":{"0":{"start":{"line":7,"column":29},"end":{"line":7,"column":48}},"1":{"start":{"line":10,"column":35},"end":{"line":10,"column":54}},"2":{"start":{"line":19,"column":25},"end":{"line":24,"column":2}},"3":{"start":{"line":23,"column":35},"end":{"line":23,"column":70}},"4":{"start":{"line":31,"column":27},"end":{"line":40,"column":2}},"5":{"start":{"line":47,"column":15},"end":{"line":47,"column":46}},"6":{"start":{"line":48,"column":16},"end":{"line":48,"column":97}},"7":{"start":{"line":48,"column":35},"end":{"line":48,"column":96}},"8":{"start":{"line":49,"column":2},"end":{"line":49,"column":58}},"9":{"start":{"line":49,"column":20},"end":{"line":49,"column":58}}},"fnMap":{"0":{"name":"(anonymous_0)","decl":{"start":{"line":23,"column":24},"end":{"line":23,"column":25}},"loc":{"start":{"line":23,"column":35},"end":{"line":23,"column":70}},"line":23},"1":{"name":"purgeLegacyCacheKeys","decl":{"start":{"line":46,"column":22},"end":{"line":46,"column":42}},"loc":{"start":{"line":46,"column":60},"end":{"line":50,"column":1}},"line":46},"2":{"name":"(anonymous_2)","decl":{"start":{"line":48,"column":28},"end":{"line":48,"column":29}},"loc":{"start":{"line":48,"column":35},"end":{"line":48,"column":96}},"line":48}},"branchMap":{"0":{"loc":{"start":{"line":48,"column":35},"end":{"line":48,"column":96}},"type":"binary-expr","locations":[{"start":{"line":48,"column":35},"end":{"line":48,"column":62}},{"start":{"line":48,"column":66},"end":{"line":48,"column":96}}],"line":48},"1":{"loc":{"start":{"line":49,"column":2},"end":{"line":49,"column":58}},"type":"if","locations":[{"start":{"line":49,"column":2},"end":{"line":49,"column":58}},{"start":{},"end":{}}],"line":49}},"s":{"0":8,"1":8,"2":8,"3":842,"4":8,"5":58,"6":58,"7":5,"8":58,"9":3},"f":{"0":842,"1":58,"2":5},"b":{"0":[5,3],"1":[3,55]},"_coverageSchema":"1a1c01bbd47fc00a2c39e90264f33305004495a9","hash":"9a74968552a924eda60bef3e66482a84faed652e"}
,"/Users/yosef/Documents/Projects/Pokémon/src/api/queryKeys.ts": {"path":"/Users/yosef/Documents/Projects/Pokémon/src/api/queryKeys.ts","statementMap":{"0":{"start":{"line":5,"column":25},"end":{"line":13,"column":1}},"1":{"start":{"line":9,"column":26},"end":{"line":9,"column":60}},"2":{"start":{"line":11,"column":4},"end":{"line":11,"column":73}},"3":{"start":{"line":12,"column":26},"end":{"line":12,"column":80}},"4":{"start":{"line":20,"column":64},"end":{"line":25,"column":1}},"5":{"start":{"line":29,"column":2},"end":{"line":31,"column":4}},"6":{"start":{"line":30,"column":4},"end":{"line":30,"column":51}},"7":{"start":{"line":30,"column":30},"end":{"line":30,"column":50}}},"fnMap":{"0":{"name":"(anonymous_0)","decl":{"start":{"line":9,"column":8},"end":{"line":9,"column":9}},"loc":{"start":{"line":9,"column":26},"end":{"line":9,"column":60}},"line":9},"1":{"name":"(anonymous_1)","decl":{"start":{"line":10,"column":10},"end":{"line":10,"column":11}},"loc":{"start":{"line":11,"column":4},"end":{"line":11,"column":73}},"line":11},"2":{"name":"(anonymous_2)","decl":{"start":{"line":12,"column":8},"end":{"line":12,"column":9}},"loc":{"start":{"line":12,"column":26},"end":{"line":12,"column":80}},"line":12},"3":{"name":"isPersistedQueryKey","decl":{"start":{"line":28,"column":16},"end":{"line":28,"column":35}},"loc":{"start":{"line":28,"column":75},"end":{"line":32,"column":1}},"line":28},"4":{"name":"(anonymous_4)","decl":{"start":{"line":29,"column":37},"end":{"line":29,"column":38}},"loc":{"start":{"line":30,"column":4},"end":{"line":30,"column":51}},"line":30},"5":{"name":"(anonymous_5)","decl":{"start":{"line":30,"column":17},"end":{"line":30,"column":18}},"loc":{"start":{"line":30,"column":30},"end":{"line":30,"column":50}},"line":30}},"branchMap":{},"s":{"0":9,"1":829,"2":32,"3":24,"4":9,"5":842,"6":3183,"7":6322},"f":{"0":829,"1":32,"2":24,"3":842,"4":3183,"5":6322},"b":{},"_coverageSchema":"1a1c01bbd47fc00a2c39e90264f33305004495a9","hash":"1f5c61eec08257f0ad9cbc527f4f15cb2a8883b0"}
,"/Users/yosef/Documents/Projects/Pokémon/src/api/types.ts": {"path":"/Users/yosef/Documents/Projects/Pokémon/src/api/types.ts","statementMap":{"0":{"start":{"line":79,"column":29},"end":{"line":82,"column":10}}},"fnMap":{},"branchMap":{},"s":{"0":9},"f":{},"b":{},"_coverageSchema":"1a1c01bbd47fc00a2c39e90264f33305004495a9","hash":"39caf2762fc9bc4d77bab3341827de0b88aedffc"}
,"/Users/yosef/Documents/Projects/Pokémon/src/app/_layout.tsx": {"path":"/Users/yosef/Documents/Projects/Pokémon/src/app/_layout.tsx","statementMap":{"0":{"start":{"line":20,"column":0},"end":{"line":20,"column":52}},"1":{"start":{"line":22,"column":0},"end":{"line":22,"column":42}},"2":{"start":{"line":23,"column":0},"end":{"line":23,"column":59}},"3":{"start":{"line":25,"column":22},"end":{"line":29,"column":1}},"4":{"start":{"line":27,"column":4},"end":{"line":27,"column":41}},"5":{"start":{"line":32,"column":17},"end":{"line":32,"column":44}},"6":{"start":{"line":33,"column":17},"end":{"line":33,"column":50}},"7":{"start":{"line":34,"column":44},"end":{"line":34,"column":58}},"8":{"start":{"line":35,"column":38},"end":{"line":35,"column":53}},"9":{"start":{"line":42,"column":2},"end":{"line":55,"column":9}},"10":{"start":{"line":43,"column":4},"end":{"line":54,"column":9}},"11":{"start":{"line":44,"column":6},"end":{"line":53,"column":7}},"12":{"start":{"line":45,"column":8},"end":{"line":48,"column":9}},"13":{"start":{"line":46,"column":10},"end":{"line":46,"column":39}},"14":{"start":{"line":47,"column":10},"end":{"line":47,"column":63}},"15":{"start":{"line":52,"column":8},"end":{"line":52,"column":28}},"16":{"start":{"line":58,"column":2},"end":{"line":58,"column":83}},"17":{"start":{"line":58,"column":19},"end":{"line":58,"column":83}},"18":{"start":{"line":60,"column":2},"end":{"line":73,"column":4}},"19":{"start":{"line":70,"column":57},"end":{"line":70,"column":80}}},"fnMap":{"0":{"name":"(anonymous_0)","decl":{"start":{"line":20,"column":42},"end":{"line":20,"column":43}},"loc":{"start":{"line":20,"column":48},"end":{"line":20,"column":50}},"line":20},"1":{"name":"(anonymous_1)","decl":{"start":{"line":26,"column":8},"end":{"line":26,"column":9}},"loc":{"start":{"line":27,"column":4},"end":{"line":27,"column":41}},"line":27},"2":{"name":"RootLayout","decl":{"start":{"line":31,"column":24},"end":{"line":31,"column":34}},"loc":{"start":{"line":31,"column":37},"end":{"line":74,"column":1}},"line":31},"3":{"name":"(anonymous_3)","decl":{"start":{"line":42,"column":12},"end":{"line":42,"column":13}},"loc":{"start":{"line":42,"column":18},"end":{"line":55,"column":3}},"line":42},"4":{"name":"(anonymous_4)","decl":{"start":{"line":43,"column":5},"end":{"line":43,"column":6}},"loc":{"start":{"line":43,"column":17},"end":{"line":54,"column":5}},"line":43},"5":{"name":"(anonymous_5)","decl":{"start":{"line":70,"column":51},"end":{"line":70,"column":52}},"loc":{"start":{"line":70,"column":57},"end":{"line":70,"column":80}},"line":70}},"branchMap":{"0":{"loc":{"start":{"line":33,"column":17},"end":{"line":33,"column":50}},"type":"cond-expr","locations":[{"start":{"line":33,"column":26},"end":{"line":33,"column":36}},{"start":{"line":33,"column":39},"end":{"line":33,"column":50}}],"line":33},"1":{"loc":{"start":{"line":45,"column":8},"end":{"line":48,"column":9}},"type":"if","locations":[{"start":{"line":45,"column":8},"end":{"line":48,"column":9}},{"start":{},"end":{}}],"line":45},"2":{"loc":{"start":{"line":58,"column":2},"end":{"line":58,"column":83}},"type":"if","locations":[{"start":{"line":58,"column":2},"end":{"line":58,"column":83}},{"start":{},"end":{}}],"line":58},"3":{"loc":{"start":{"line":62,"column":28},"end":{"line":62,"column":69}},"type":"cond-expr","locations":[{"start":{"line":62,"column":37},"end":{"line":62,"column":51}},{"start":{"line":62,"column":54},"end":{"line":62,"column":69}}],"line":62},"4":{"loc":{"start":{"line":63,"column":26},"end":{"line":63,"column":69}},"type":"cond-expr","locations":[{"start":{"line":63,"column":53},"end":{"line":63,"column":59}},{"start":{"line":63,"column":62},"end":{"line":63,"column":69}}],"line":63},"5":{"loc":{"start":{"line":63,"column":26},"end":{"line":63,"column":50}},"type":"binary-expr","locations":[{"start":{"line":63,"column":26},"end":{"line":63,"column":39}},{"start":{"line":63,"column":43},"end":{"line":63,"column":50}}],"line":63},"6":{"loc":{"start":{"line":70,"column":9},"end":{"line":70,"column":91}},"type":"cond-expr","locations":[{"start":{"line":70,"column":25},"end":{"line":70,"column":84}},{"start":{"line":70,"column":87},"end":{"line":70,"column":91}}],"line":70}},"s":{"0":6,"1":6,"2":6,"3":6,"4":164,"5":113,"6":113,"7":113,"8":113,"9":113,"10":56,"11":56,"12":56,"13":54,"14":54,"15":56,"16":113,"17":56,"18":57,"19":1},"f":{"0":1,"1":164,"2":113,"3":56,"4":56,"5":1},"b":{"0":[4,109],"1":[54,2],"2":[56,57],"3":[2,55],"4":[54,3],"5":[57,56],"6":[56,1]},"_coverageSchema":"1a1c01bbd47fc00a2c39e90264f33305004495a9","hash":"617f59a053e1f2b5042132232bd074318759c948"}
,"/Users/yosef/Documents/Projects/Pokémon/src/app/index.tsx": {"path":"/Users/yosef/Documents/Projects/Pokémon/src/app/index.tsx","statementMap":{"0":{"start":{"line":25,"column":23},"end":{"line":25,"column":24}},"1":{"start":{"line":28,"column":17},"end":{"line":28,"column":28}},"2":{"start":{"line":29,"column":22},"end":{"line":29,"column":38}},"3":{"start":{"line":30,"column":17},"end":{"line":30,"column":44}},"4":{"start":{"line":31,"column":17},"end":{"line":31,"column":50}},"5":{"start":{"line":32,"column":28},"end":{"line":32,"column":40}},"6":{"start":{"line":33,"column":38},"end":{"line":33,"column":53}},"7":{"start":{"line":34,"column":40},"end":{"line":34,"column":62}},"8":{"start":{"line":35,"column":38},"end":{"line":35,"column":53}},"9":{"start":{"line":37,"column":22},"end":{"line":37,"column":45}},"10":{"start":{"line":38,"column":22},"end":{"line":38,"column":44}},"11":{"start":{"line":40,"column":15},"end":{"line":40,"column":31}},"12":{"start":{"line":41,"column":17},"end":{"line":41,"column":40}},"13":{"start":{"line":42,"column":19},"end":{"line":42,"column":49}},"14":{"start":{"line":43,"column":20},"end":{"line":43,"column":41}},"15":{"start":{"line":45,"column":21},"end":{"line":48,"column":3}},"16":{"start":{"line":46,"column":22},"end":{"line":46,"column":84}},"17":{"start":{"line":52,"column":25},"end":{"line":61,"column":3}},"18":{"start":{"line":54,"column":6},"end":{"line":58,"column":9}},"19":{"start":{"line":56,"column":23},"end":{"line":56,"column":39}},"20":{"start":{"line":63,"column":18},"end":{"line":63,"column":32}},"21":{"start":{"line":64,"column":27},"end":{"line":64,"column":47}},"22":{"start":{"line":65,"column":21},"end":{"line":79,"column":3}},"23":{"start":{"line":67,"column":6},"end":{"line":76,"column":8}},"24":{"start":{"line":81,"column":20},"end":{"line":87,"column":23}},"25":{"start":{"line":82,"column":4},"end":{"line":82,"column":24}},"26":{"start":{"line":85,"column":4},"end":{"line":85,"column":61}},"27":{"start":{"line":86,"column":4},"end":{"line":86,"column":25}},"28":{"start":{"line":89,"column":22},"end":{"line":94,"column":67}},"29":{"start":{"line":90,"column":4},"end":{"line":90,"column":38}},"30":{"start":{"line":90,"column":21},"end":{"line":90,"column":38}},"31":{"start":{"line":91,"column":4},"end":{"line":91,"column":40}},"32":{"start":{"line":91,"column":21},"end":{"line":91,"column":40}},"33":{"start":{"line":92,"column":4},"end":{"line":92,"column":53}},"34":{"start":{"line":92,"column":38},"end":{"line":92,"column":53}},"35":{"start":{"line":93,"column":4},"end":{"line":93,"column":47}},"36":{"start":{"line":93,"column":27},"end":{"line":93,"column":47}},"37":{"start":{"line":96,"column":21},"end":{"line":100,"column":8}},"38":{"start":{"line":97,"column":4},"end":{"line":99,"column":6}},"39":{"start":{"line":98,"column":6},"end":{"line":98,"column":76}},"40":{"start":{"line":98,"column":47},"end":{"line":98,"column":57}},"41":{"start":{"line":105,"column":15},"end":{"line":113,"column":74}},"42":{"start":{"line":106,"column":4},"end":{"line":109,"column":5}},"43":{"start":{"line":107,"column":22},"end":{"line":107,"column":63}},"44":{"start":{"line":107,"column":55},"end":{"line":107,"column":61}},"45":{"start":{"line":108,"column":6},"end":{"line":108,"column":63}},"46":{"start":{"line":108,"column":42},"end":{"line":108,"column":61}},"47":{"start":{"line":110,"column":4},"end":{"line":110,"column":43}},"48":{"start":{"line":110,"column":21},"end":{"line":110,"column":43}},"49":{"start":{"line":111,"column":4},"end":{"line":111,"column":42}},"50":{"start":{"line":111,"column":21},"end":{"line":111,"column":42}},"51":{"start":{"line":112,"column":4},"end":{"line":112,"column":27}},"52":{"start":{"line":116,"column":4},"end":{"line":118,"column":50}},"53":{"start":{"line":121,"column":4},"end":{"line":123,"column":52}},"54":{"start":{"line":124,"column":24},"end":{"line":124,"column":45}},"55":{"start":{"line":126,"column":21},"end":{"line":126,"column":60}},"56":{"start":{"line":127,"column":26},"end":{"line":127,"column":80}},"57":{"start":{"line":129,"column":4},"end":{"line":133,"column":54}},"58":{"start":{"line":135,"column":2},"end":{"line":251,"column":4}},"59":{"start":{"line":149,"column":39},"end":{"line":149,"column":58}},"60":{"start":{"line":163,"column":14},"end":{"line":182,"column":26}},"61":{"start":{"line":165,"column":31},"end":{"line":165,"column":47}},"62":{"start":{"line":202,"column":12},"end":{"line":202,"column":36}},"63":{"start":{"line":210,"column":34},"end":{"line":210,"column":43}},"64":{"start":{"line":215,"column":12},"end":{"line":217,"column":13}},"65":{"start":{"line":216,"column":14},"end":{"line":216,"column":35}},"66":{"start":{"line":247,"column":23},"end":{"line":247,"column":41}},"67":{"start":{"line":248,"column":25},"end":{"line":248,"column":45}}},"fnMap":{"0":{"name":"ListScreen","decl":{"start":{"line":27,"column":24},"end":{"line":27,"column":34}},"loc":{"start":{"line":27,"column":37},"end":{"line":252,"column":1}},"line":27},"1":{"name":"(anonymous_1)","decl":{"start":{"line":46,"column":4},"end":{"line":46,"column":5}},"loc":{"start":{"line":46,"column":22},"end":{"line":46,"column":84}},"line":46},"2":{"name":"(anonymous_2)","decl":{"start":{"line":53,"column":4},"end":{"line":53,"column":5}},"loc":{"start":{"line":53,"column":22},"end":{"line":59,"column":5}},"line":53},"3":{"name":"(anonymous_3)","decl":{"start":{"line":56,"column":17},"end":{"line":56,"column":18}},"loc":{"start":{"line":56,"column":23},"end":{"line":56,"column":39}},"line":56},"4":{"name":"(anonymous_4)","decl":{"start":{"line":66,"column":4},"end":{"line":66,"column":5}},"loc":{"start":{"line":67,"column":6},"end":{"line":76,"column":8}},"line":67},"5":{"name":"(anonymous_5)","decl":{"start":{"line":81,"column":32},"end":{"line":81,"column":33}},"loc":{"start":{"line":81,"column":44},"end":{"line":87,"column":3}},"line":81},"6":{"name":"(anonymous_6)","decl":{"start":{"line":89,"column":34},"end":{"line":89,"column":35}},"loc":{"start":{"line":89,"column":40},"end":{"line":94,"column":3}},"line":89},"7":{"name":"(anonymous_7)","decl":{"start":{"line":96,"column":33},"end":{"line":96,"column":34}},"loc":{"start":{"line":96,"column":51},"end":{"line":100,"column":3}},"line":96},"8":{"name":"(anonymous_8)","decl":{"start":{"line":97,"column":19},"end":{"line":97,"column":20}},"loc":{"start":{"line":98,"column":6},"end":{"line":98,"column":76}},"line":98},"9":{"name":"(anonymous_9)","decl":{"start":{"line":98,"column":40},"end":{"line":98,"column":41}},"loc":{"start":{"line":98,"column":47},"end":{"line":98,"column":57}},"line":98},"10":{"name":"(anonymous_10)","decl":{"start":{"line":105,"column":41},"end":{"line":105,"column":42}},"loc":{"start":{"line":105,"column":47},"end":{"line":113,"column":3}},"line":105},"11":{"name":"(anonymous_11)","decl":{"start":{"line":107,"column":48},"end":{"line":107,"column":49}},"loc":{"start":{"line":107,"column":55},"end":{"line":107,"column":61}},"line":107},"12":{"name":"(anonymous_12)","decl":{"start":{"line":108,"column":35},"end":{"line":108,"column":36}},"loc":{"start":{"line":108,"column":42},"end":{"line":108,"column":61}},"line":108},"13":{"name":"(anonymous_13)","decl":{"start":{"line":149,"column":33},"end":{"line":149,"column":34}},"loc":{"start":{"line":149,"column":39},"end":{"line":149,"column":58}},"line":149},"14":{"name":"(anonymous_14)","decl":{"start":{"line":162,"column":29},"end":{"line":162,"column":30}},"loc":{"start":{"line":163,"column":14},"end":{"line":182,"column":26}},"line":163},"15":{"name":"(anonymous_15)","decl":{"start":{"line":165,"column":25},"end":{"line":165,"column":26}},"loc":{"start":{"line":165,"column":31},"end":{"line":165,"column":47}},"line":165},"16":{"name":"(anonymous_16)","decl":{"start":{"line":201,"column":50},"end":{"line":201,"column":51}},"loc":{"start":{"line":202,"column":12},"end":{"line":202,"column":36}},"line":202},"17":{"name":"(anonymous_17)","decl":{"start":{"line":210,"column":24},"end":{"line":210,"column":25}},"loc":{"start":{"line":210,"column":34},"end":{"line":210,"column":43}},"line":210},"18":{"name":"(anonymous_18)","decl":{"start":{"line":214,"column":24},"end":{"line":214,"column":25}},"loc":{"start":{"line":214,"column":30},"end":{"line":218,"column":11}},"line":214},"19":{"name":"(anonymous_19)","decl":{"start":{"line":247,"column":17},"end":{"line":247,"column":18}},"loc":{"start":{"line":247,"column":23},"end":{"line":247,"column":41}},"line":247},"20":{"name":"(anonymous_20)","decl":{"start":{"line":248,"column":19},"end":{"line":248,"column":20}},"loc":{"start":{"line":248,"column":25},"end":{"line":248,"column":45}},"line":248}},"branchMap":{"0":{"loc":{"start":{"line":31,"column":17},"end":{"line":31,"column":50}},"type":"cond-expr","locations":[{"start":{"line":31,"column":26},"end":{"line":31,"column":36}},{"start":{"line":31,"column":39},"end":{"line":31,"column":50}}],"line":31},"1":{"loc":{"start":{"line":73,"column":15},"end":{"line":73,"column":74}},"type":"binary-expr","locations":[{"start":{"line":73,"column":15},"end":{"line":73,"column":35}},{"start":{"line":73,"column":40},"end":{"line":73,"column":73}}],"line":73},"2":{"loc":{"start":{"line":73,"column":40},"end":{"line":73,"column":73}},"type":"cond-expr","locations":[{"start":{"line":73,"column":59},"end":{"line":73,"column":68}},{"start":{"line":73,"column":71},"end":{"line":73,"column":73}}],"line":73},"3":{"loc":{"start":{"line":90,"column":4},"end":{"line":90,"column":38}},"type":"if","locations":[{"start":{"line":90,"column":4},"end":{"line":90,"column":38}},{"start":{},"end":{}}],"line":90},"4":{"loc":{"start":{"line":91,"column":4},"end":{"line":91,"column":40}},"type":"if","locations":[{"start":{"line":91,"column":4},"end":{"line":91,"column":40}},{"start":{},"end":{}}],"line":91},"5":{"loc":{"start":{"line":92,"column":4},"end":{"line":92,"column":53}},"type":"if","locations":[{"start":{"line":92,"column":4},"end":{"line":92,"column":53}},{"start":{},"end":{}}],"line":92},"6":{"loc":{"start":{"line":92,"column":8},"end":{"line":92,"column":36}},"type":"binary-expr","locations":[{"start":{"line":92,"column":8},"end":{"line":92,"column":20}},{"start":{"line":92,"column":24},"end":{"line":92,"column":36}}],"line":92},"7":{"loc":{"start":{"line":93,"column":4},"end":{"line":93,"column":47}},"type":"if","locations":[{"start":{"line":93,"column":4},"end":{"line":93,"column":47}},{"start":{},"end":{}}],"line":93},"8":{"loc":{"start":{"line":98,"column":6},"end":{"line":98,"column":76}},"type":"cond-expr","locations":[{"start":{"line":98,"column":28},"end":{"line":98,"column":58}},{"start":{"line":98,"column":61},"end":{"line":98,"column":76}}],"line":98},"9":{"loc":{"start":{"line":106,"column":4},"end":{"line":109,"column":5}},"type":"if","locations":[{"start":{"line":106,"column":4},"end":{"line":109,"column":5}},{"start":{},"end":{}}],"line":106},"10":{"loc":{"start":{"line":106,"column":8},"end":{"line":106,"column":34}},"type":"binary-expr","locations":[{"start":{"line":106,"column":8},"end":{"line":106,"column":19}},{"start":{"line":106,"column":23},"end":{"line":106,"column":34}}],"line":106},"11":{"loc":{"start":{"line":110,"column":4},"end":{"line":110,"column":43}},"type":"if","locations":[{"start":{"line":110,"column":4},"end":{"line":110,"column":43}},{"start":{},"end":{}}],"line":110},"12":{"loc":{"start":{"line":111,"column":4},"end":{"line":111,"column":42}},"type":"if","locations":[{"start":{"line":111,"column":4},"end":{"line":111,"column":42}},{"start":{},"end":{}}],"line":111},"13":{"loc":{"start":{"line":112,"column":11},"end":{"line":112,"column":26}},"type":"binary-expr","locations":[{"start":{"line":112,"column":11},"end":{"line":112,"column":20}},{"start":{"line":112,"column":24},"end":{"line":112,"column":26}}],"line":112},"14":{"loc":{"start":{"line":116,"column":4},"end":{"line":118,"column":50}},"type":"binary-expr","locations":[{"start":{"line":116,"column":5},"end":{"line":116,"column":16}},{"start":{"line":116,"column":20},"end":{"line":116,"column":34}},{"start":{"line":117,"column":5},"end":{"line":117,"column":16}},{"start":{"line":117,"column":20},"end":{"line":117,"column":36}},{"start":{"line":118,"column":5},"end":{"line":118,"column":17}},{"start":{"line":118,"column":21},"end":{"line":118,"column":33}},{"start":{"line":118,"column":37},"end":{"line":118,"column":49}}],"line":116},"15":{"loc":{"start":{"line":121,"column":4},"end":{"line":123,"column":52}},"type":"binary-expr","locations":[{"start":{"line":121,"column":5},"end":{"line":121,"column":16}},{"start":{"line":121,"column":20},"end":{"line":121,"column":36}},{"start":{"line":122,"column":5},"end":{"line":122,"column":16}},{"start":{"line":122,"column":20},"end":{"line":122,"column":38}},{"start":{"line":123,"column":5},"end":{"line":123,"column":17}},{"start":{"line":123,"column":21},"end":{"line":123,"column":33}},{"start":{"line":123,"column":37},"end":{"line":123,"column":51}}],"line":121},"16":{"loc":{"start":{"line":124,"column":24},"end":{"line":124,"column":45}},"type":"binary-expr","locations":[{"start":{"line":124,"column":24},"end":{"line":124,"column":32}},{"start":{"line":124,"column":36},"end":{"line":124,"column":45}}],"line":124},"17":{"loc":{"start":{"line":127,"column":26},"end":{"line":127,"column":80}},"type":"cond-expr","locations":[{"start":{"line":127,"column":43},"end":{"line":127,"column":68}},{"start":{"line":127,"column":71},"end":{"line":127,"column":80}}],"line":127},"18":{"loc":{"start":{"line":129,"column":4},"end":{"line":133,"column":54}},"type":"cond-expr","locations":[{"start":{"line":130,"column":8},"end":{"line":130,"column":59}},{"start":{"line":131,"column":8},"end":{"line":133,"column":54}}],"line":129},"19":{"loc":{"start":{"line":129,"column":4},"end":{"line":129,"column":30}},"type":"binary-expr","locations":[{"start":{"line":129,"column":4},"end":{"line":129,"column":15}},{"start":{"line":129,"column":19},"end":{"line":129,"column":30}}],"line":129},"20":{"loc":{"start":{"line":131,"column":8},"end":{"line":133,"column":54}},"type":"cond-expr","locations":[{"start":{"line":132,"column":10},"end":{"line":132,"column":78}},{"start":{"line":133,"column":10},"end":{"line":133,"column":54}}],"line":131},"21":{"loc":{"start":{"line":160,"column":9},"end":{"line":185,"column":16}},"type":"cond-expr","locations":[{"start":{"line":161,"column":10},"end":{"line":184,"column":17}},{"start":{"line":185,"column":12},"end":{"line":185,"column":16}}],"line":160},"22":{"loc":{"start":{"line":188,"column":7},"end":{"line":241,"column":7}},"type":"cond-expr","locations":[{"start":{"line":189,"column":8},"end":{"line":198,"column":10}},{"start":{"line":199,"column":10},"end":{"line":241,"column":7}}],"line":188},"23":{"loc":{"start":{"line":191,"column":12},"end":{"line":195,"column":89}},"type":"cond-expr","locations":[{"start":{"line":192,"column":16},"end":{"line":192,"column":56}},{"start":{"line":193,"column":16},"end":{"line":195,"column":89}}],"line":191},"24":{"loc":{"start":{"line":193,"column":16},"end":{"line":195,"column":89}},"type":"cond-expr","locations":[{"start":{"line":194,"column":18},"end":{"line":194,"column":89}},{"start":{"line":195,"column":18},"end":{"line":195,"column":89}}],"line":193},"25":{"loc":{"start":{"line":199,"column":10},"end":{"line":241,"column":7}},"type":"cond-expr","locations":[{"start":{"line":200,"column":8},"end":{"line":204,"column":15}},{"start":{"line":206,"column":8},"end":{"line":240,"column":10}}],"line":199},"26":{"loc":{"start":{"line":215,"column":12},"end":{"line":217,"column":13}},"type":"if","locations":[{"start":{"line":215,"column":12},"end":{"line":217,"column":13}},{"start":{},"end":{}}],"line":215},"27":{"loc":{"start":{"line":215,"column":16},"end":{"line":215,"column":92}},"type":"binary-expr","locations":[{"start":{"line":215,"column":16},"end":{"line":215,"column":28}},{"start":{"line":215,"column":32},"end":{"line":215,"column":44}},{"start":{"line":215,"column":48},"end":{"line":215,"column":64}},{"start":{"line":215,"column":68},"end":{"line":215,"column":92}}],"line":215},"28":{"loc":{"start":{"line":221,"column":21},"end":{"line":221,"column":71}},"type":"cond-expr","locations":[{"start":{"line":221,"column":50},"end":{"line":221,"column":59}},{"start":{"line":221,"column":62},"end":{"line":221,"column":71}}],"line":221},"29":{"loc":{"start":{"line":221,"column":21},"end":{"line":221,"column":47}},"type":"binary-expr","locations":[{"start":{"line":221,"column":21},"end":{"line":221,"column":32}},{"start":{"line":221,"column":36},"end":{"line":221,"column":47}}],"line":221},"30":{"loc":{"start":{"line":228,"column":12},"end":{"line":230,"column":20}},"type":"cond-expr","locations":[{"start":{"line":229,"column":14},"end":{"line":229,"column":109}},{"start":{"line":230,"column":16},"end":{"line":230,"column":20}}],"line":228},"31":{"loc":{"start":{"line":228,"column":12},"end":{"line":228,"column":67}},"type":"binary-expr","locations":[{"start":{"line":228,"column":12},"end":{"line":228,"column":24}},{"start":{"line":228,"column":28},"end":{"line":228,"column":40}},{"start":{"line":228,"column":44},"end":{"line":228,"column":67}}],"line":228},"32":{"loc":{"start":{"line":233,"column":12},"end":{"line":238,"column":20}},"type":"cond-expr","locations":[{"start":{"line":234,"column":14},"end":{"line":237,"column":21}},{"start":{"line":238,"column":16},"end":{"line":238,"column":20}}],"line":233},"33":{"loc":{"start":{"line":233,"column":12},"end":{"line":233,"column":38}},"type":"binary-expr","locations":[{"start":{"line":233,"column":12},"end":{"line":233,"column":23}},{"start":{"line":233,"column":27},"end":{"line":233,"column":38}}],"line":233}},"s":{"0":4,"1":122,"2":122,"3":122,"4":122,"5":122,"6":122,"7":122,"8":122,"9":122,"10":122,"11":122,"12":122,"13":122,"14":122,"15":122,"16":2,"17":122,"18":1,"19":1,"20":122,"21":122,"22":122,"23":837,"24":122,"25":1,"26":1,"27":1,"28":122,"29":4,"30":1,"31":4,"32":1,"33":4,"34":2,"35":4,"36":2,"37":122,"38":9,"39":9,"40":1,"41":122,"42":100,"43":4,"44":16,"45":4,"46":2,"47":96,"48":16,"49":80,"50":8,"51":72,"52":122,"53":122,"54":122,"55":122,"56":122,"57":122,"58":122,"59":7,"60":19,"61":1,"62":400,"63":1232,"64":6,"65":5,"66":1,"67":3},"f":{"0":122,"1":2,"2":1,"3":1,"4":837,"5":1,"6":4,"7":9,"8":9,"9":1,"10":100,"11":16,"12":2,"13":7,"14":19,"15":1,"16":400,"17":1232,"18":6,"19":1,"20":3},"b":{"0":[2,120],"1":[837,38],"2":[16,22],"3":[1,3],"4":[1,3],"5":[2,2],"6":[4,3],"7":[2,2],"8":[1,8],"9":[4,96],"10":[100,20],"11":[16,80],"12":[8,72],"13":[72,34],"14":[122,22,121,18,120,99,86],"15":[122,22,111,16,108,97,86],"16":[122,118],"17":[18,104],"18":[4,118],"19":[122,22],"20":[18,100],"21":[18,104],"22":[4,118],"23":[1,3],"24":[1,2],"25":[50,68],"26":[5,1],"27":[6,5,5,5],"28":[20,48],"29":[68,58],"30":[1,67],"31":[68,58,48],"32":[20,48],"33":[68,58]},"_coverageSchema":"1a1c01bbd47fc00a2c39e90264f33305004495a9","hash":"46dc668138411408171512799946e1b96c6991bd"}
,"/Users/yosef/Documents/Projects/Pokémon/src/app/move/[name].tsx": {"path":"/Users/yosef/Documents/Projects/Pokémon/src/app/move/[name].tsx","statementMap":{"0":{"start":{"line":12,"column":2},"end":{"line":22,"column":4}},"1":{"start":{"line":26,"column":19},"end":{"line":26,"column":59}},"2":{"start":{"line":27,"column":17},"end":{"line":27,"column":28}},"3":{"start":{"line":28,"column":48},"end":{"line":28,"column":67}},"4":{"start":{"line":31,"column":4},"end":{"line":32,"column":27}},"5":{"start":{"line":31,"column":41},"end":{"line":31,"column":69}},"6":{"start":{"line":34,"column":2},"end":{"line":97,"column":4}},"7":{"start":{"line":41,"column":25},"end":{"line":41,"column":38}},"8":{"start":{"line":54,"column":25},"end":{"line":54,"column":34}}},"fnMap":{"0":{"name":"FactBox","decl":{"start":{"line":11,"column":9},"end":{"line":11,"column":16}},"loc":{"start":{"line":11,"column":69},"end":{"line":23,"column":1}},"line":11},"1":{"name":"MoveScreen","decl":{"start":{"line":25,"column":24},"end":{"line":25,"column":34}},"loc":{"start":{"line":25,"column":37},"end":{"line":98,"column":1}},"line":25},"2":{"name":"(anonymous_2)","decl":{"start":{"line":31,"column":30},"end":{"line":31,"column":31}},"loc":{"start":{"line":31,"column":41},"end":{"line":31,"column":69}},"line":31},"3":{"name":"(anonymous_3)","decl":{"start":{"line":41,"column":19},"end":{"line":41,"column":20}},"loc":{"start":{"line":41,"column":25},"end":{"line":41,"column":38}},"line":41},"4":{"name":"(anonymous_4)","decl":{"start":{"line":54,"column":19},"end":{"line":54,"column":20}},"loc":{"start":{"line":54,"column":25},"end":{"line":54,"column":34}},"line":54}},"branchMap":{"0":{"loc":{"start":{"line":28,"column":56},"end":{"line":28,"column":66}},"type":"binary-expr","locations":[{"start":{"line":28,"column":56},"end":{"line":28,"column":60}},{"start":{"line":28,"column":64},"end":{"line":28,"column":66}}],"line":28},"1":{"loc":{"start":{"line":31,"column":4},"end":{"line":32,"column":27}},"type":"binary-expr","locations":[{"start":{"line":31,"column":4},"end":{"line":31,"column":70}},{"start":{"line":32,"column":4},"end":{"line":32,"column":27}}],"line":31},"2":{"loc":{"start":{"line":47,"column":7},"end":{"line":95,"column":7}},"type":"cond-expr","locations":[{"start":{"line":48,"column":8},"end":{"line":50,"column":15}},{"start":{"line":51,"column":10},"end":{"line":95,"column":7}}],"line":47},"3":{"loc":{"start":{"line":51,"column":10},"end":{"line":95,"column":7}},"type":"cond-expr","locations":[{"start":{"line":52,"column":8},"end":{"line":55,"column":10}},{"start":{"line":57,"column":8},"end":{"line":94,"column":21}}],"line":51},"4":{"loc":{"start":{"line":51,"column":10},"end":{"line":51,"column":26}},"type":"binary-expr","locations":[{"start":{"line":51,"column":10},"end":{"line":51,"column":17}},{"start":{"line":51,"column":21},"end":{"line":51,"column":26}}],"line":51},"5":{"loc":{"start":{"line":53,"column":46},"end":{"line":53,"column":56}},"type":"binary-expr","locations":[{"start":{"line":53,"column":46},"end":{"line":53,"column":50}},{"start":{"line":53,"column":54},"end":{"line":53,"column":56}}],"line":53},"6":{"loc":{"start":{"line":70,"column":15},"end":{"line":76,"column":22}},"type":"cond-expr","locations":[{"start":{"line":71,"column":16},"end":{"line":75,"column":23}},{"start":{"line":76,"column":18},"end":{"line":76,"column":22}}],"line":70},"7":{"loc":{"start":{"line":81,"column":42},"end":{"line":81,"column":88}},"type":"cond-expr","locations":[{"start":{"line":81,"column":64},"end":{"line":81,"column":82}},{"start":{"line":81,"column":85},"end":{"line":81,"column":88}}],"line":81},"8":{"loc":{"start":{"line":82,"column":45},"end":{"line":82,"column":95}},"type":"cond-expr","locations":[{"start":{"line":82,"column":70},"end":{"line":82,"column":89}},{"start":{"line":82,"column":92},"end":{"line":82,"column":95}}],"line":82},"9":{"loc":{"start":{"line":83,"column":39},"end":{"line":83,"column":79}},"type":"cond-expr","locations":[{"start":{"line":83,"column":58},"end":{"line":83,"column":73}},{"start":{"line":83,"column":76},"end":{"line":83,"column":79}}],"line":83},"10":{"loc":{"start":{"line":86,"column":11},"end":{"line":93,"column":18}},"type":"cond-expr","locations":[{"start":{"line":87,"column":12},"end":{"line":92,"column":19}},{"start":{"line":93,"column":14},"end":{"line":93,"column":18}}],"line":86}},"s":{"0":30,"1":23,"2":23,"3":23,"4":23,"5":9,"6":23,"7":1,"8":1},"f":{"0":30,"1":23,"2":9,"3":1,"4":1},"b":{"0":[23,1],"1":[23,15],"2":[11,12],"3":[2,10],"4":[12,11],"5":[2,1],"6":[9,1],"7":[8,2],"8":[8,2],"9":[9,1],"10":[9,1]},"_coverageSchema":"1a1c01bbd47fc00a2c39e90264f33305004495a9","hash":"7ce290c535d371f3c90f14ff1cc7e65b3ed5d259"}
,"/Users/yosef/Documents/Projects/Pokémon/src/app/pokemon/[name].tsx": {"path":"/Users/yosef/Documents/Projects/Pokémon/src/app/pokemon/[name].tsx","statementMap":{"0":{"start":{"line":23,"column":28},"end":{"line":23,"column":29}},"1":{"start":{"line":26,"column":2},"end":{"line":31,"column":4}},"2":{"start":{"line":35,"column":19},"end":{"line":35,"column":59}},"3":{"start":{"line":36,"column":17},"end":{"line":36,"column":28}},"4":{"start":{"line":37,"column":48},"end":{"line":37,"column":70}},"5":{"start":{"line":38,"column":42},"end":{"line":38,"column":57}},"6":{"start":{"line":40,"column":16},"end":{"line":40,"column":33}},"7":{"start":{"line":41,"column":23},"end":{"line":41,"column":81}},"8":{"start":{"line":43,"column":2},"end":{"line":156,"column":4}},"9":{"start":{"line":50,"column":25},"end":{"line":50,"column":38}},"10":{"start":{"line":63,"column":25},"end":{"line":63,"column":34}},"11":{"start":{"line":84,"column":16},"end":{"line":84,"column":71}},"12":{"start":{"line":99,"column":14},"end":{"line":99,"column":93}},"13":{"start":{"line":123,"column":16},"end":{"line":138,"column":28}},"14":{"start":{"line":126,"column":20},"end":{"line":126,"column":90}},"15":{"start":{"line":132,"column":43},"end":{"line":132,"column":81}},"16":{"start":{"line":146,"column":31},"end":{"line":146,"column":69}},"17":{"start":{"line":146,"column":60},"end":{"line":146,"column":68}}},"fnMap":{"0":{"name":"SectionCard","decl":{"start":{"line":25,"column":9},"end":{"line":25,"column":20}},"loc":{"start":{"line":25,"column":88},"end":{"line":32,"column":1}},"line":25},"1":{"name":"DetailScreen","decl":{"start":{"line":34,"column":24},"end":{"line":34,"column":36}},"loc":{"start":{"line":34,"column":39},"end":{"line":157,"column":1}},"line":34},"2":{"name":"(anonymous_2)","decl":{"start":{"line":50,"column":19},"end":{"line":50,"column":20}},"loc":{"start":{"line":50,"column":25},"end":{"line":50,"column":38}},"line":50},"3":{"name":"(anonymous_3)","decl":{"start":{"line":63,"column":19},"end":{"line":63,"column":20}},"loc":{"start":{"line":63,"column":25},"end":{"line":63,"column":34}},"line":63},"4":{"name":"(anonymous_4)","decl":{"start":{"line":83,"column":30},"end":{"line":83,"column":31}},"loc":{"start":{"line":84,"column":16},"end":{"line":84,"column":71}},"line":84},"5":{"name":"(anonymous_5)","decl":{"start":{"line":98,"column":28},"end":{"line":98,"column":29}},"loc":{"start":{"line":99,"column":14},"end":{"line":99,"column":93}},"line":99},"6":{"name":"(anonymous_6)","decl":{"start":{"line":122,"column":32},"end":{"line":122,"column":33}},"loc":{"start":{"line":123,"column":16},"end":{"line":138,"column":28}},"line":123},"7":{"name":"(anonymous_7)","decl":{"start":{"line":125,"column":27},"end":{"line":125,"column":28}},"loc":{"start":{"line":126,"column":20},"end":{"line":126,"column":90}},"line":126},"8":{"name":"(anonymous_8)","decl":{"start":{"line":132,"column":25},"end":{"line":132,"column":26}},"loc":{"start":{"line":132,"column":43},"end":{"line":132,"column":81}},"line":132},"9":{"name":"(anonymous_9)","decl":{"start":{"line":146,"column":25},"end":{"line":146,"column":26}},"loc":{"start":{"line":146,"column":31},"end":{"line":146,"column":69}},"line":146},"10":{"name":"(anonymous_10)","decl":{"start":{"line":146,"column":47},"end":{"line":146,"column":48}},"loc":{"start":{"line":146,"column":60},"end":{"line":146,"column":68}},"line":146}},"branchMap":{"0":{"loc":{"start":{"line":37,"column":59},"end":{"line":37,"column":69}},"type":"binary-expr","locations":[{"start":{"line":37,"column":59},"end":{"line":37,"column":63}},{"start":{"line":37,"column":67},"end":{"line":37,"column":69}}],"line":37},"1":{"loc":{"start":{"line":40,"column":16},"end":{"line":40,"column":33}},"type":"binary-expr","locations":[{"start":{"line":40,"column":16},"end":{"line":40,"column":27}},{"start":{"line":40,"column":31},"end":{"line":40,"column":33}}],"line":40},"2":{"loc":{"start":{"line":41,"column":23},"end":{"line":41,"column":81}},"type":"cond-expr","locations":[{"start":{"line":41,"column":38},"end":{"line":41,"column":43}},{"start":{"line":41,"column":46},"end":{"line":41,"column":81}}],"line":41},"3":{"loc":{"start":{"line":56,"column":7},"end":{"line":154,"column":7}},"type":"cond-expr","locations":[{"start":{"line":57,"column":8},"end":{"line":59,"column":15}},{"start":{"line":60,"column":10},"end":{"line":154,"column":7}}],"line":56},"4":{"loc":{"start":{"line":60,"column":10},"end":{"line":154,"column":7}},"type":"cond-expr","locations":[{"start":{"line":61,"column":8},"end":{"line":64,"column":10}},{"start":{"line":66,"column":8},"end":{"line":153,"column":21}}],"line":60},"5":{"loc":{"start":{"line":60,"column":10},"end":{"line":60,"column":26}},"type":"binary-expr","locations":[{"start":{"line":60,"column":10},"end":{"line":60,"column":17}},{"start":{"line":60,"column":21},"end":{"line":60,"column":26}}],"line":60},"6":{"loc":{"start":{"line":62,"column":46},"end":{"line":62,"column":56}},"type":"binary-expr","locations":[{"start":{"line":62,"column":46},"end":{"line":62,"column":50}},{"start":{"line":62,"column":54},"end":{"line":62,"column":56}}],"line":62},"7":{"loc":{"start":{"line":132,"column":43},"end":{"line":132,"column":81}},"type":"cond-expr","locations":[{"start":{"line":132,"column":53},"end":{"line":132,"column":69}},{"start":{"line":132,"column":72},"end":{"line":132,"column":81}}],"line":132},"8":{"loc":{"start":{"line":141,"column":13},"end":{"line":151,"column":20}},"type":"cond-expr","locations":[{"start":{"line":142,"column":14},"end":{"line":150,"column":23}},{"start":{"line":151,"column":16},"end":{"line":151,"column":20}}],"line":141},"9":{"loc":{"start":{"line":145,"column":22},"end":{"line":145,"column":66}},"type":"cond-expr","locations":[{"start":{"line":145,"column":37},"end":{"line":145,"column":49}},{"start":{"line":145,"column":52},"end":{"line":145,"column":66}}],"line":145},"10":{"loc":{"start":{"line":149,"column":17},"end":{"line":149,"column":55}},"type":"cond-expr","locations":[{"start":{"line":149,"column":32},"end":{"line":149,"column":43}},{"start":{"line":149,"column":46},"end":{"line":149,"column":55}}],"line":149}},"s":{"0":3,"1":39,"2":30,"3":30,"4":30,"5":30,"6":30,"7":30,"8":30,"9":1,"10":1,"11":25,"12":78,"13":100,"14":1,"15":101,"16":2,"17":2},"f":{"0":39,"1":30,"2":1,"3":1,"4":25,"5":78,"6":100,"7":1,"8":101,"9":2,"10":2},"b":{"0":[30,1],"1":[30,17],"2":[1,29],"3":[14,16],"4":[3,13],"5":[16,14],"6":[3,1],"7":[1,100],"8":[11,2],"9":[1,10],"10":[1,10]},"_coverageSchema":"1a1c01bbd47fc00a2c39e90264f33305004495a9","hash":"2a14c7a90c1faebcd29e92eb84a1e1490e9b24e8"}
,"/Users/yosef/Documents/Projects/Pokémon/src/components/AnimatedSplash.tsx": {"path":"/Users/yosef/Documents/Projects/Pokémon/src/components/AnimatedSplash.tsx","statementMap":{"0":{"start":{"line":8,"column":18},"end":{"line":8,"column":21}},"1":{"start":{"line":9,"column":16},"end":{"line":9,"column":20}},"2":{"start":{"line":10,"column":23},"end":{"line":10,"column":27}},"3":{"start":{"line":11,"column":16},"end":{"line":11,"column":19}},"4":{"start":{"line":19,"column":17},"end":{"line":19,"column":44}},"5":{"start":{"line":20,"column":26},"end":{"line":20,"column":65}},"6":{"start":{"line":22,"column":17},"end":{"line":22,"column":54}},"7":{"start":{"line":22,"column":32},"end":{"line":22,"column":53}},"8":{"start":{"line":23,"column":20},"end":{"line":23,"column":57}},"9":{"start":{"line":23,"column":35},"end":{"line":23,"column":56}},"10":{"start":{"line":25,"column":19},"end":{"line":27,"column":8}},"11":{"start":{"line":26,"column":4},"end":{"line":26,"column":45}},"12":{"start":{"line":29,"column":2},"end":{"line":60,"column":32}},"13":{"start":{"line":30,"column":17},"end":{"line":37,"column":5}},"14":{"start":{"line":38,"column":4},"end":{"line":38,"column":17}},"15":{"start":{"line":40,"column":18},"end":{"line":50,"column":22}},"16":{"start":{"line":41,"column":6},"end":{"line":49,"column":9}},"17":{"start":{"line":47,"column":8},"end":{"line":47,"column":20}},"18":{"start":{"line":48,"column":8},"end":{"line":48,"column":33}},"19":{"start":{"line":48,"column":22},"end":{"line":48,"column":33}},"20":{"start":{"line":52,"column":4},"end":{"line":59,"column":6}},"21":{"start":{"line":53,"column":6},"end":{"line":53,"column":26}},"22":{"start":{"line":54,"column":6},"end":{"line":54,"column":18}},"23":{"start":{"line":58,"column":6},"end":{"line":58,"column":30}},"24":{"start":{"line":62,"column":17},"end":{"line":62,"column":90}},"25":{"start":{"line":64,"column":2},"end":{"line":81,"column":4}},"26":{"start":{"line":84,"column":15},"end":{"line":86,"column":2}}},"fnMap":{"0":{"name":"AnimatedSplash","decl":{"start":{"line":18,"column":16},"end":{"line":18,"column":30}},"loc":{"start":{"line":18,"column":66},"end":{"line":82,"column":1}},"line":18},"1":{"name":"(anonymous_1)","decl":{"start":{"line":22,"column":26},"end":{"line":22,"column":27}},"loc":{"start":{"line":22,"column":32},"end":{"line":22,"column":53}},"line":22},"2":{"name":"(anonymous_2)","decl":{"start":{"line":23,"column":29},"end":{"line":23,"column":30}},"loc":{"start":{"line":23,"column":35},"end":{"line":23,"column":56}},"line":23},"3":{"name":"(anonymous_3)","decl":{"start":{"line":25,"column":31},"end":{"line":25,"column":32}},"loc":{"start":{"line":25,"column":37},"end":{"line":27,"column":3}},"line":25},"4":{"name":"(anonymous_4)","decl":{"start":{"line":26,"column":35},"end":{"line":26,"column":36}},"loc":{"start":{"line":26,"column":41},"end":{"line":26,"column":43}},"line":26},"5":{"name":"(anonymous_5)","decl":{"start":{"line":29,"column":12},"end":{"line":29,"column":13}},"loc":{"start":{"line":29,"column":18},"end":{"line":60,"column":3}},"line":29},"6":{"name":"(anonymous_6)","decl":{"start":{"line":40,"column":29},"end":{"line":40,"column":30}},"loc":{"start":{"line":40,"column":35},"end":{"line":50,"column":5}},"line":40},"7":{"name":"(anonymous_7)","decl":{"start":{"line":46,"column":15},"end":{"line":46,"column":16}},"loc":{"start":{"line":46,"column":33},"end":{"line":49,"column":7}},"line":46},"8":{"name":"(anonymous_8)","decl":{"start":{"line":52,"column":11},"end":{"line":52,"column":12}},"loc":{"start":{"line":52,"column":17},"end":{"line":59,"column":5}},"line":52}},"branchMap":{"0":{"loc":{"start":{"line":20,"column":26},"end":{"line":20,"column":65}},"type":"cond-expr","locations":[{"start":{"line":20,"column":35},"end":{"line":20,"column":48}},{"start":{"line":20,"column":51},"end":{"line":20,"column":65}}],"line":20},"1":{"loc":{"start":{"line":48,"column":8},"end":{"line":48,"column":33}},"type":"if","locations":[{"start":{"line":48,"column":8},"end":{"line":48,"column":33}},{"start":{},"end":{}}],"line":48}},"s":{"0":7,"1":7,"2":7,"3":7,"4":63,"5":63,"6":63,"7":63,"8":63,"9":63,"10":63,"11":2,"12":63,"13":63,"14":63,"15":63,"16":3,"17":3,"18":3,"19":2,"20":63,"21":63,"22":63,"23":63,"24":63,"25":63,"26":7},"f":{"0":63,"1":63,"2":63,"3":2,"4":1,"5":63,"6":3,"7":3,"8":63},"b":{"0":[3,60],"1":[2,1]},"_coverageSchema":"1a1c01bbd47fc00a2c39e90264f33305004495a9","hash":"0c764b2a793f5d415af26f9a7ff12407c4001677"}
,"/Users/yosef/Documents/Projects/Pokémon/src/components/Artwork.tsx": {"path":"/Users/yosef/Documents/Projects/Pokémon/src/components/Artwork.tsx","statementMap":{"0":{"start":{"line":19,"column":26},"end":{"line":19,"column":52}},"1":{"start":{"line":26,"column":34},"end":{"line":26,"column":45}},"2":{"start":{"line":28,"column":21},"end":{"line":32,"column":48}},"3":{"start":{"line":32,"column":35},"end":{"line":32,"column":47}},"4":{"start":{"line":34,"column":17},"end":{"line":34,"column":37}},"5":{"start":{"line":36,"column":2},"end":{"line":46,"column":3}},"6":{"start":{"line":37,"column":4},"end":{"line":45,"column":6}},"7":{"start":{"line":48,"column":2},"end":{"line":58,"column":4}},"8":{"start":{"line":56,"column":21},"end":{"line":56,"column":54}},"9":{"start":{"line":56,"column":44},"end":{"line":56,"column":53}}},"fnMap":{"0":{"name":"Artwork","decl":{"start":{"line":25,"column":16},"end":{"line":25,"column":23}},"loc":{"start":{"line":25,"column":93},"end":{"line":59,"column":1}},"line":25},"1":{"name":"(anonymous_1)","decl":{"start":{"line":32,"column":11},"end":{"line":32,"column":12}},"loc":{"start":{"line":32,"column":35},"end":{"line":32,"column":47}},"line":32},"2":{"name":"(anonymous_2)","decl":{"start":{"line":56,"column":15},"end":{"line":56,"column":16}},"loc":{"start":{"line":56,"column":21},"end":{"line":56,"column":54}},"line":56},"3":{"name":"(anonymous_3)","decl":{"start":{"line":56,"column":33},"end":{"line":56,"column":34}},"loc":{"start":{"line":56,"column":44},"end":{"line":56,"column":53}},"line":56}},"branchMap":{"0":{"loc":{"start":{"line":25,"column":55},"end":{"line":25,"column":75}},"type":"default-arg","locations":[{"start":{"line":25,"column":73},"end":{"line":25,"column":75}}],"line":25},"1":{"loc":{"start":{"line":29,"column":4},"end":{"line":31,"column":39}},"type":"cond-expr","locations":[{"start":{"line":30,"column":8},"end":{"line":30,"column":99}},{"start":{"line":31,"column":8},"end":{"line":31,"column":39}}],"line":29},"2":{"loc":{"start":{"line":36,"column":2},"end":{"line":46,"column":3}},"type":"if","locations":[{"start":{"line":36,"column":2},"end":{"line":46,"column":3}},{"start":{},"end":{}}],"line":36}},"s":{"0":7,"1":703,"2":703,"3":1406,"4":703,"5":703,"6":3,"7":700,"8":3,"9":3},"f":{"0":703,"1":1406,"2":3,"3":3},"b":{"0":[9],"1":[16,687],"2":[3,700]},"_coverageSchema":"1a1c01bbd47fc00a2c39e90264f33305004495a9","hash":"0f41e3d0bebcde6140187f64681a0a41e93f7091"}
,"/Users/yosef/Documents/Projects/Pokémon/src/components/ErrorState.tsx": {"path":"/Users/yosef/Documents/Projects/Pokémon/src/components/ErrorState.tsx","statementMap":{"0":{"start":{"line":11,"column":2},"end":{"line":21,"column":4}}},"fnMap":{"0":{"name":"ErrorState","decl":{"start":{"line":10,"column":16},"end":{"line":10,"column":26}},"loc":{"start":{"line":10,"column":92},"end":{"line":22,"column":1}},"line":10}},"branchMap":{"0":{"loc":{"start":{"line":10,"column":29},"end":{"line":10,"column":62}},"type":"default-arg","locations":[{"start":{"line":10,"column":39},"end":{"line":10,"column":62}}],"line":10},"1":{"loc":{"start":{"line":15,"column":7},"end":{"line":19,"column":14}},"type":"cond-expr","locations":[{"start":{"line":16,"column":8},"end":{"line":18,"column":17}},{"start":{"line":19,"column":10},"end":{"line":19,"column":14}}],"line":15}},"s":{"0":13},"f":{"0":13},"b":{"0":[1],"1":[10,3]},"_coverageSchema":"1a1c01bbd47fc00a2c39e90264f33305004495a9","hash":"b5cad785ef3138fb03338cd63b23dadd7eac56de"}
,"/Users/yosef/Documents/Projects/Pokémon/src/components/Pokeball.tsx": {"path":"/Users/yosef/Documents/Projects/Pokémon/src/components/Pokeball.tsx","statementMap":{"0":{"start":{"line":9,"column":17},"end":{"line":9,"column":44}},"1":{"start":{"line":13,"column":15},"end":{"line":13,"column":38}},"2":{"start":{"line":14,"column":22},"end":{"line":14,"column":37}},"3":{"start":{"line":16,"column":2},"end":{"line":55,"column":4}}},"fnMap":{"0":{"name":"Pokeball","decl":{"start":{"line":12,"column":16},"end":{"line":12,"column":24}},"loc":{"start":{"line":12,"column":81},"end":{"line":56,"column":1}},"line":12}},"branchMap":{"0":{"loc":{"start":{"line":12,"column":27},"end":{"line":12,"column":37}},"type":"default-arg","locations":[{"start":{"line":12,"column":34},"end":{"line":12,"column":37}}],"line":12},"1":{"loc":{"start":{"line":12,"column":46},"end":{"line":12,"column":62}},"type":"default-arg","locations":[{"start":{"line":12,"column":54},"end":{"line":12,"column":62}}],"line":12}},"s":{"0":8,"1":7,"2":7,"3":7},"f":{"0":7},"b":{"0":[3],"1":[3]},"_coverageSchema":"1a1c01bbd47fc00a2c39e90264f33305004495a9","hash":"44850a63ec03741bc39f4d1c595b96c9715a81c0"}
,"/Users/yosef/Documents/Projects/Pokémon/src/components/PokemonCard.tsx": {"path":"/Users/yosef/Documents/Projects/Pokémon/src/components/PokemonCard.tsx","statementMap":{"0":{"start":{"line":22,"column":27},"end":{"line":63,"column":2}},"1":{"start":{"line":29,"column":2},"end":{"line":62,"column":4}},"2":{"start":{"line":31,"column":21},"end":{"line":31,"column":34}},"3":{"start":{"line":32,"column":23},"end":{"line":32,"column":40}},"4":{"start":{"line":37,"column":31},"end":{"line":37,"column":100}},"5":{"start":{"line":52,"column":32},"end":{"line":52,"column":67}},"6":{"start":{"line":54,"column":14},"end":{"line":58,"column":16}}},"fnMap":{"0":{"name":"PokemonCard","decl":{"start":{"line":22,"column":41},"end":{"line":22,"column":52}},"loc":{"start":{"line":28,"column":21},"end":{"line":63,"column":1}},"line":28},"1":{"name":"(anonymous_1)","decl":{"start":{"line":31,"column":15},"end":{"line":31,"column":16}},"loc":{"start":{"line":31,"column":21},"end":{"line":31,"column":34}},"line":31},"2":{"name":"(anonymous_2)","decl":{"start":{"line":32,"column":17},"end":{"line":32,"column":18}},"loc":{"start":{"line":32,"column":23},"end":{"line":32,"column":40}},"line":32},"3":{"name":"(anonymous_3)","decl":{"start":{"line":37,"column":13},"end":{"line":37,"column":14}},"loc":{"start":{"line":37,"column":31},"end":{"line":37,"column":100}},"line":37},"4":{"name":"(anonymous_4)","decl":{"start":{"line":52,"column":22},"end":{"line":52,"column":23}},"loc":{"start":{"line":52,"column":32},"end":{"line":52,"column":67}},"line":52},"5":{"name":"(anonymous_5)","decl":{"start":{"line":53,"column":23},"end":{"line":53,"column":24}},"loc":{"start":{"line":54,"column":14},"end":{"line":58,"column":16}},"line":54}},"branchMap":{"0":{"loc":{"start":{"line":37,"column":31},"end":{"line":37,"column":100}},"type":"cond-expr","locations":[{"start":{"line":37,"column":41},"end":{"line":37,"column":88}},{"start":{"line":37,"column":91},"end":{"line":37,"column":100}}],"line":37},"1":{"loc":{"start":{"line":51,"column":9},"end":{"line":59,"column":14}},"type":"cond-expr","locations":[{"start":{"line":52,"column":12},"end":{"line":52,"column":68}},{"start":{"line":53,"column":12},"end":{"line":59,"column":14}}],"line":51}},"s":{"0":5,"1":681,"2":3,"3":3,"4":682,"5":1002,"6":34},"f":{"0":681,"1":3,"2":3,"3":682,"4":1002,"5":34},"b":{"0":[1,681],"1":[664,17]},"_coverageSchema":"1a1c01bbd47fc00a2c39e90264f33305004495a9","hash":"d173556f95b73a1c5db1962a1ea5b87a673391b5"}
,"/Users/yosef/Documents/Projects/Pokémon/src/components/Pulse.tsx": {"path":"/Users/yosef/Documents/Projects/Pokémon/src/components/Pulse.tsx","statementMap":{"0":{"start":{"line":6,"column":18},"end":{"line":6,"column":37}},"1":{"start":{"line":8,"column":2},"end":{"line":27,"column":16}},"2":{"start":{"line":9,"column":17},"end":{"line":24,"column":5}},"3":{"start":{"line":25,"column":4},"end":{"line":25,"column":17}},"4":{"start":{"line":26,"column":4},"end":{"line":26,"column":29}},"5":{"start":{"line":26,"column":17},"end":{"line":26,"column":28}},"6":{"start":{"line":29,"column":2},"end":{"line":33,"column":4}}},"fnMap":{"0":{"name":"Pulse","decl":{"start":{"line":5,"column":16},"end":{"line":5,"column":21}},"loc":{"start":{"line":5,"column":63},"end":{"line":34,"column":1}},"line":5},"1":{"name":"(anonymous_1)","decl":{"start":{"line":8,"column":12},"end":{"line":8,"column":13}},"loc":{"start":{"line":8,"column":18},"end":{"line":27,"column":3}},"line":8},"2":{"name":"(anonymous_2)","decl":{"start":{"line":26,"column":11},"end":{"line":26,"column":12}},"loc":{"start":{"line":26,"column":17},"end":{"line":26,"column":28}},"line":26}},"branchMap":{},"s":{"0":400,"1":400,"2":392,"3":392,"4":392,"5":392,"6":400},"f":{"0":400,"1":392,"2":392},"b":{},"_coverageSchema":"1a1c01bbd47fc00a2c39e90264f33305004495a9","hash":"dbd17aabab33821657cf82b1450ab5fa5b31cf85"}
,"/Users/yosef/Documents/Projects/Pokémon/src/components/ScreenHeader.tsx": {"path":"/Users/yosef/Documents/Projects/Pokémon/src/components/ScreenHeader.tsx","statementMap":{"0":{"start":{"line":12,"column":17},"end":{"line":12,"column":36}},"1":{"start":{"line":14,"column":2},"end":{"line":33,"column":4}}},"fnMap":{"0":{"name":"ScreenHeader","decl":{"start":{"line":11,"column":16},"end":{"line":11,"column":28}},"loc":{"start":{"line":11,"column":62},"end":{"line":34,"column":1}},"line":11}},"branchMap":{},"s":{"0":175,"1":175},"f":{"0":175},"b":{},"_coverageSchema":"1a1c01bbd47fc00a2c39e90264f33305004495a9","hash":"cdcedadce628cd2ede0e265d94d5c081519dc2e4"}
,"/Users/yosef/Documents/Projects/Pokémon/src/components/SkeletonCard.tsx": {"path":"/Users/yosef/Documents/Projects/Pokémon/src/components/SkeletonCard.tsx","statementMap":{"0":{"start":{"line":7,"column":2},"end":{"line":19,"column":4}}},"fnMap":{"0":{"name":"SkeletonCard","decl":{"start":{"line":6,"column":16},"end":{"line":6,"column":28}},"loc":{"start":{"line":6,"column":31},"end":{"line":20,"column":1}},"line":6}},"branchMap":{},"s":{"0":400},"f":{"0":400},"b":{},"_coverageSchema":"1a1c01bbd47fc00a2c39e90264f33305004495a9","hash":"57a40fd6148a25beeda89378d94e64b8b8f4ae32"}
,"/Users/yosef/Documents/Projects/Pokémon/src/components/StatBar.tsx": {"path":"/Users/yosef/Documents/Projects/Pokémon/src/components/StatBar.tsx","statementMap":{"0":{"start":{"line":12,"column":20},"end":{"line":12,"column":23}},"1":{"start":{"line":16,"column":18},"end":{"line":16,"column":48}},"2":{"start":{"line":18,"column":2},"end":{"line":34,"column":4}}},"fnMap":{"0":{"name":"StatBar","decl":{"start":{"line":15,"column":16},"end":{"line":15,"column":23}},"loc":{"start":{"line":15,"column":75},"end":{"line":35,"column":1}},"line":15}},"branchMap":{"0":{"loc":{"start":{"line":15,"column":40},"end":{"line":15,"column":57}},"type":"default-arg","locations":[{"start":{"line":15,"column":46},"end":{"line":15,"column":57}}],"line":15}},"s":{"0":4,"1":80,"2":80},"f":{"0":80},"b":{"0":[80]},"_coverageSchema":"1a1c01bbd47fc00a2c39e90264f33305004495a9","hash":"42964c158a2fce2794cb92f2c58e7a2786c4a949"}
,"/Users/yosef/Documents/Projects/Pokémon/src/components/TypeChip.tsx": {"path":"/Users/yosef/Documents/Projects/Pokémon/src/components/TypeChip.tsx","statementMap":{"0":{"start":{"line":13,"column":21},"end":{"line":13,"column":36}},"1":{"start":{"line":14,"column":2},"end":{"line":26,"column":4}}},"fnMap":{"0":{"name":"TypeChip","decl":{"start":{"line":12,"column":16},"end":{"line":12,"column":24}},"loc":{"start":{"line":12,"column":63},"end":{"line":27,"column":1}},"line":12}},"branchMap":{"0":{"loc":{"start":{"line":12,"column":33},"end":{"line":12,"column":44}},"type":"default-arg","locations":[{"start":{"line":12,"column":40},"end":{"line":12,"column":44}}],"line":12},"1":{"loc":{"start":{"line":16,"column":17},"end":{"line":16,"column":90}},"type":"cond-expr","locations":[{"start":{"line":16,"column":33},"end":{"line":16,"column":59}},{"start":{"line":16,"column":62},"end":{"line":16,"column":90}}],"line":16},"2":{"loc":{"start":{"line":20,"column":19},"end":{"line":20,"column":88}},"type":"cond-expr","locations":[{"start":{"line":20,"column":35},"end":{"line":20,"column":62}},{"start":{"line":20,"column":65},"end":{"line":20,"column":88}}],"line":20}},"s":{"0":1037,"1":1037},"f":{"0":1037},"b":{"0":[1002],"1":[1002,35],"2":[1002,35]},"_coverageSchema":"1a1c01bbd47fc00a2c39e90264f33305004495a9","hash":"dfa9ae8273b6f632ac1e5acede28d9869eba4909"}
,"/Users/yosef/Documents/Projects/Pokémon/src/components/TypeFilterSheet.tsx": {"path":"/Users/yosef/Documents/Projects/Pokémon/src/components/TypeFilterSheet.tsx","statementMap":{"0":{"start":{"line":32,"column":17},"end":{"line":32,"column":44}},"1":{"start":{"line":33,"column":17},"end":{"line":33,"column":50}},"2":{"start":{"line":34,"column":17},"end":{"line":34,"column":36}},"3":{"start":{"line":35,"column":23},"end":{"line":35,"column":45}},"4":{"start":{"line":36,"column":22},"end":{"line":36,"column":38}},"5":{"start":{"line":40,"column":2},"end":{"line":49,"column":29}},"6":{"start":{"line":41,"column":4},"end":{"line":41,"column":25}},"7":{"start":{"line":41,"column":18},"end":{"line":41,"column":25}},"8":{"start":{"line":42,"column":4},"end":{"line":48,"column":5}},"9":{"start":{"line":43,"column":6},"end":{"line":47,"column":9}},"10":{"start":{"line":45,"column":23},"end":{"line":45,"column":45}},"11":{"start":{"line":51,"column":2},"end":{"line":155,"column":4}},"12":{"start":{"line":117,"column":31},"end":{"line":117,"column":46}},"13":{"start":{"line":118,"column":29},"end":{"line":118,"column":55}},"14":{"start":{"line":119,"column":12},"end":{"line":150,"column":14}},"15":{"start":{"line":122,"column":31},"end":{"line":122,"column":45}}},"fnMap":{"0":{"name":"TypeFilterSheet","decl":{"start":{"line":25,"column":16},"end":{"line":25,"column":31}},"loc":{"start":{"line":31,"column":25},"end":{"line":156,"column":1}},"line":31},"1":{"name":"(anonymous_1)","decl":{"start":{"line":40,"column":12},"end":{"line":40,"column":13}},"loc":{"start":{"line":40,"column":18},"end":{"line":49,"column":3}},"line":40},"2":{"name":"(anonymous_2)","decl":{"start":{"line":45,"column":17},"end":{"line":45,"column":18}},"loc":{"start":{"line":45,"column":23},"end":{"line":45,"column":45}},"line":45},"3":{"name":"(anonymous_3)","decl":{"start":{"line":116,"column":29},"end":{"line":116,"column":30}},"loc":{"start":{"line":116,"column":39},"end":{"line":151,"column":11}},"line":116},"4":{"name":"(anonymous_4)","decl":{"start":{"line":122,"column":25},"end":{"line":122,"column":26}},"loc":{"start":{"line":122,"column":31},"end":{"line":122,"column":45}},"line":122}},"branchMap":{"0":{"loc":{"start":{"line":33,"column":17},"end":{"line":33,"column":50}},"type":"cond-expr","locations":[{"start":{"line":33,"column":26},"end":{"line":33,"column":36}},{"start":{"line":33,"column":39},"end":{"line":33,"column":50}}],"line":33},"1":{"loc":{"start":{"line":41,"column":4},"end":{"line":41,"column":25}},"type":"if","locations":[{"start":{"line":41,"column":4},"end":{"line":41,"column":25}},{"start":{},"end":{}}],"line":41},"2":{"loc":{"start":{"line":95,"column":25},"end":{"line":95,"column":72}},"type":"cond-expr","locations":[{"start":{"line":95,"column":40},"end":{"line":95,"column":53}},{"start":{"line":95,"column":56},"end":{"line":95,"column":72}}],"line":95},"3":{"loc":{"start":{"line":127,"column":18},"end":{"line":127,"column":97}},"type":"cond-expr","locations":[{"start":{"line":127,"column":29},"end":{"line":127,"column":64}},{"start":{"line":127,"column":67},"end":{"line":127,"column":97}}],"line":127},"4":{"loc":{"start":{"line":138,"column":31},"end":{"line":138,"column":68}},"type":"cond-expr","locations":[{"start":{"line":138,"column":42},"end":{"line":138,"column":52}},{"start":{"line":138,"column":55},"end":{"line":138,"column":68}}],"line":138},"5":{"loc":{"start":{"line":140,"column":27},"end":{"line":140,"column":62}},"type":"cond-expr","locations":[{"start":{"line":140,"column":55},"end":{"line":140,"column":56}},{"start":{"line":140,"column":59},"end":{"line":140,"column":62}}],"line":140},"6":{"loc":{"start":{"line":140,"column":27},"end":{"line":140,"column":52}},"type":"binary-expr","locations":[{"start":{"line":140,"column":27},"end":{"line":140,"column":40}},{"start":{"line":140,"column":44},"end":{"line":140,"column":52}}],"line":140},"7":{"loc":{"start":{"line":143,"column":17},"end":{"line":145,"column":24}},"type":"cond-expr","locations":[{"start":{"line":144,"column":18},"end":{"line":144,"column":99}},{"start":{"line":145,"column":20},"end":{"line":145,"column":24}}],"line":143}},"s":{"0":122,"1":122,"2":122,"3":122,"4":122,"5":122,"6":44,"7":37,"8":7,"9":126,"10":57,"11":122,"12":2196,"13":2196,"14":2196,"15":8},"f":{"0":122,"1":44,"2":57,"3":2196,"4":8},"b":{"0":[2,120],"1":[37,7],"2":[18,104],"3":[19,2177],"4":[19,2177],"5":[1891,305],"6":[2196,324],"7":[19,2177]},"_coverageSchema":"1a1c01bbd47fc00a2c39e90264f33305004495a9","hash":"b753a9ea99531d847af07bd981955aa9b633b40d"}
,"/Users/yosef/Documents/Projects/Pokémon/src/hooks/useMove.ts": {"path":"/Users/yosef/Documents/Projects/Pokémon/src/hooks/useMove.ts","statementMap":{"0":{"start":{"line":8,"column":2},"end":{"line":13,"column":5}},"1":{"start":{"line":10,"column":19},"end":{"line":10,"column":32}}},"fnMap":{"0":{"name":"useMove","decl":{"start":{"line":7,"column":16},"end":{"line":7,"column":23}},"loc":{"start":{"line":7,"column":38},"end":{"line":14,"column":1}},"line":7},"1":{"name":"(anonymous_1)","decl":{"start":{"line":10,"column":13},"end":{"line":10,"column":14}},"loc":{"start":{"line":10,"column":19},"end":{"line":10,"column":32}},"line":10}},"branchMap":{},"s":{"0":23,"1":11},"f":{"0":23,"1":11},"b":{},"_coverageSchema":"1a1c01bbd47fc00a2c39e90264f33305004495a9","hash":"66ade961ed41c1b5dca58d198ec15d6f42a1d405"}
,"/Users/yosef/Documents/Projects/Pokémon/src/hooks/usePokemon.ts": {"path":"/Users/yosef/Documents/Projects/Pokémon/src/hooks/usePokemon.ts","statementMap":{"0":{"start":{"line":11,"column":2},"end":{"line":16,"column":5}},"1":{"start":{"line":13,"column":19},"end":{"line":13,"column":39}}},"fnMap":{"0":{"name":"usePokemon","decl":{"start":{"line":10,"column":16},"end":{"line":10,"column":26}},"loc":{"start":{"line":10,"column":54},"end":{"line":17,"column":1}},"line":10},"1":{"name":"(anonymous_1)","decl":{"start":{"line":13,"column":13},"end":{"line":13,"column":14}},"loc":{"start":{"line":13,"column":19},"end":{"line":13,"column":39}},"line":13}},"branchMap":{},"s":{"0":30,"1":14},"f":{"0":30,"1":14},"b":{},"_coverageSchema":"1a1c01bbd47fc00a2c39e90264f33305004495a9","hash":"e65a6d87725205acb79d80d6b98bc6ab33cbfffe"}
,"/Users/yosef/Documents/Projects/Pokémon/src/hooks/usePokemonByTypes.ts": {"path":"/Users/yosef/Documents/Projects/Pokémon/src/hooks/usePokemonByTypes.ts","statementMap":{"0":{"start":{"line":20,"column":31},"end":{"line":20,"column":33}},"1":{"start":{"line":21,"column":16},"end":{"line":21,"column":92}},"2":{"start":{"line":21,"column":35},"end":{"line":21,"column":41}},"3":{"start":{"line":21,"column":76},"end":{"line":21,"column":91}},"4":{"start":{"line":23,"column":2},"end":{"line":27,"column":3}},"5":{"start":{"line":24,"column":29},"end":{"line":24,"column":34}},"6":{"start":{"line":25,"column":24},"end":{"line":25,"column":74}},"7":{"start":{"line":25,"column":43},"end":{"line":25,"column":73}},"8":{"start":{"line":25,"column":67},"end":{"line":25,"column":71}},"9":{"start":{"line":26,"column":4},"end":{"line":26,"column":74}},"10":{"start":{"line":26,"column":31},"end":{"line":26,"column":72}},"11":{"start":{"line":26,"column":58},"end":{"line":26,"column":71}},"12":{"start":{"line":28,"column":2},"end":{"line":33,"column":4}},"13":{"start":{"line":30,"column":35},"end":{"line":30,"column":46}},"14":{"start":{"line":31,"column":33},"end":{"line":31,"column":42}},"15":{"start":{"line":32,"column":19},"end":{"line":32,"column":54}},"16":{"start":{"line":32,"column":42},"end":{"line":32,"column":53}},"17":{"start":{"line":42,"column":2},"end":{"line":49,"column":5}},"18":{"start":{"line":43,"column":34},"end":{"line":47,"column":5}},"19":{"start":{"line":45,"column":21},"end":{"line":45,"column":43}}},"fnMap":{"0":{"name":"combineTypeResults","decl":{"start":{"line":19,"column":9},"end":{"line":19,"column":27}},"loc":{"start":{"line":19,"column":94},"end":{"line":34,"column":1}},"line":19},"1":{"name":"(anonymous_1)","decl":{"start":{"line":21,"column":28},"end":{"line":21,"column":29}},"loc":{"start":{"line":21,"column":35},"end":{"line":21,"column":41}},"line":21},"2":{"name":"(anonymous_2)","decl":{"start":{"line":21,"column":50},"end":{"line":21,"column":51}},"loc":{"start":{"line":21,"column":76},"end":{"line":21,"column":91}},"line":21},"3":{"name":"(anonymous_3)","decl":{"start":{"line":25,"column":33},"end":{"line":25,"column":34}},"loc":{"start":{"line":25,"column":43},"end":{"line":25,"column":73}},"line":25},"4":{"name":"(anonymous_4)","decl":{"start":{"line":25,"column":60},"end":{"line":25,"column":61}},"loc":{"start":{"line":25,"column":67},"end":{"line":25,"column":71}},"line":25},"5":{"name":"(anonymous_5)","decl":{"start":{"line":26,"column":24},"end":{"line":26,"column":25}},"loc":{"start":{"line":26,"column":31},"end":{"line":26,"column":72}},"line":26},"6":{"name":"(anonymous_6)","decl":{"start":{"line":26,"column":49},"end":{"line":26,"column":50}},"loc":{"start":{"line":26,"column":58},"end":{"line":26,"column":71}},"line":26},"7":{"name":"(anonymous_7)","decl":{"start":{"line":30,"column":28},"end":{"line":30,"column":29}},"loc":{"start":{"line":30,"column":35},"end":{"line":30,"column":46}},"line":30},"8":{"name":"(anonymous_8)","decl":{"start":{"line":31,"column":26},"end":{"line":31,"column":27}},"loc":{"start":{"line":31,"column":33},"end":{"line":31,"column":42}},"line":31},"9":{"name":"(anonymous_9)","decl":{"start":{"line":32,"column":13},"end":{"line":32,"column":14}},"loc":{"start":{"line":32,"column":19},"end":{"line":32,"column":54}},"line":32},"10":{"name":"(anonymous_10)","decl":{"start":{"line":32,"column":35},"end":{"line":32,"column":36}},"loc":{"start":{"line":32,"column":42},"end":{"line":32,"column":53}},"line":32},"11":{"name":"usePokemonByTypes","decl":{"start":{"line":41,"column":16},"end":{"line":41,"column":33}},"loc":{"start":{"line":41,"column":69},"end":{"line":50,"column":1}},"line":41},"12":{"name":"(anonymous_12)","decl":{"start":{"line":43,"column":23},"end":{"line":43,"column":24}},"loc":{"start":{"line":43,"column":34},"end":{"line":47,"column":5}},"line":43},"13":{"name":"(anonymous_13)","decl":{"start":{"line":45,"column":15},"end":{"line":45,"column":16}},"loc":{"start":{"line":45,"column":21},"end":{"line":45,"column":43}},"line":45}},"branchMap":{"0":{"loc":{"start":{"line":23,"column":2},"end":{"line":27,"column":3}},"type":"if","locations":[{"start":{"line":23,"column":2},"end":{"line":27,"column":3}},{"start":{},"end":{}}],"line":23},"1":{"loc":{"start":{"line":23,"column":6},"end":{"line":23,"column":59}},"type":"binary-expr","locations":[{"start":{"line":23,"column":6},"end":{"line":23,"column":24}},{"start":{"line":23,"column":28},"end":{"line":23,"column":59}}],"line":23}},"s":{"0":72,"1":72,"2":47,"3":47,"4":72,"5":19,"6":19,"7":5,"8":46,"9":19,"10":74,"11":20,"12":72,"13":42,"14":47,"15":2,"16":3,"17":133,"18":37,"19":13},"f":{"0":72,"1":47,"2":47,"3":5,"4":46,"5":74,"6":20,"7":42,"8":47,"9":2,"10":3,"11":133,"12":37,"13":13},"b":{"0":[19,53],"1":[72,33]},"_coverageSchema":"1a1c01bbd47fc00a2c39e90264f33305004495a9","hash":"0715ad30225a61e0adde642f583746025b13aa54"}
,"/Users/yosef/Documents/Projects/Pokémon/src/hooks/usePokemonList.ts": {"path":"/Users/yosef/Documents/Projects/Pokémon/src/hooks/usePokemonList.ts","statementMap":{"0":{"start":{"line":8,"column":2},"end":{"line":14,"column":5}},"1":{"start":{"line":10,"column":32},"end":{"line":10,"column":57}},"2":{"start":{"line":12,"column":36},"end":{"line":12,"column":68}},"3":{"start":{"line":13,"column":22},"end":{"line":13,"column":64}},"4":{"start":{"line":13,"column":51},"end":{"line":13,"column":63}}},"fnMap":{"0":{"name":"usePokemonList","decl":{"start":{"line":7,"column":16},"end":{"line":7,"column":30}},"loc":{"start":{"line":7,"column":33},"end":{"line":15,"column":1}},"line":7},"1":{"name":"(anonymous_1)","decl":{"start":{"line":10,"column":13},"end":{"line":10,"column":14}},"loc":{"start":{"line":10,"column":32},"end":{"line":10,"column":57}},"line":10},"2":{"name":"(anonymous_2)","decl":{"start":{"line":12,"column":22},"end":{"line":12,"column":23}},"loc":{"start":{"line":12,"column":36},"end":{"line":12,"column":68}},"line":12},"3":{"name":"(anonymous_3)","decl":{"start":{"line":13,"column":12},"end":{"line":13,"column":13}},"loc":{"start":{"line":13,"column":22},"end":{"line":13,"column":64}},"line":13},"4":{"name":"(anonymous_4)","decl":{"start":{"line":13,"column":41},"end":{"line":13,"column":42}},"loc":{"start":{"line":13,"column":51},"end":{"line":13,"column":63}},"line":13}},"branchMap":{"0":{"loc":{"start":{"line":12,"column":36},"end":{"line":12,"column":68}},"type":"binary-expr","locations":[{"start":{"line":12,"column":36},"end":{"line":12,"column":55}},{"start":{"line":12,"column":59},"end":{"line":12,"column":68}}],"line":12}},"s":{"0":122,"1":40,"2":226,"3":121,"4":125},"f":{"0":122,"1":40,"2":226,"3":121,"4":125},"b":{"0":[226,15]},"_coverageSchema":"1a1c01bbd47fc00a2c39e90264f33305004495a9","hash":"42d655c01e9120611d11ef9135563f20c9c66ecb"}
,"/Users/yosef/Documents/Projects/Pokémon/src/hooks/usePokemonSearch.ts": {"path":"/Users/yosef/Documents/Projects/Pokémon/src/hooks/usePokemonSearch.ts","statementMap":{"0":{"start":{"line":8,"column":20},"end":{"line":8,"column":22}},"1":{"start":{"line":18,"column":18},"end":{"line":18,"column":44}},"2":{"start":{"line":19,"column":2},"end":{"line":19,"column":26}},"3":{"start":{"line":19,"column":16},"end":{"line":19,"column":26}},"4":{"start":{"line":21,"column":18},"end":{"line":21,"column":43}},"5":{"start":{"line":22,"column":2},"end":{"line":28,"column":3}},"6":{"start":{"line":23,"column":19},"end":{"line":23,"column":42}},"7":{"start":{"line":24,"column":4},"end":{"line":27,"column":29}},"8":{"start":{"line":25,"column":25},"end":{"line":25,"column":60}},"9":{"start":{"line":26,"column":22},"end":{"line":26,"column":33}},"10":{"start":{"line":30,"column":42},"end":{"line":30,"column":44}},"11":{"start":{"line":31,"column":45},"end":{"line":31,"column":47}},"12":{"start":{"line":32,"column":2},"end":{"line":35,"column":3}},"13":{"start":{"line":33,"column":4},"end":{"line":34,"column":72}},"14":{"start":{"line":33,"column":40},"end":{"line":33,"column":66}},"15":{"start":{"line":34,"column":9},"end":{"line":34,"column":72}},"16":{"start":{"line":34,"column":43},"end":{"line":34,"column":72}},"17":{"start":{"line":36,"column":2},"end":{"line":36,"column":71}},"18":{"start":{"line":44,"column":21},"end":{"line":49,"column":4}},"19":{"start":{"line":51,"column":18},"end":{"line":54,"column":3}},"20":{"start":{"line":52,"column":11},"end":{"line":52,"column":76}},"21":{"start":{"line":56,"column":2},"end":{"line":61,"column":4}}},"fnMap":{"0":{"name":"searchPokemonIndex","decl":{"start":{"line":14,"column":16},"end":{"line":14,"column":34}},"loc":{"start":{"line":17,"column":20},"end":{"line":37,"column":1}},"line":17},"1":{"name":"(anonymous_1)","decl":{"start":{"line":25,"column":14},"end":{"line":25,"column":15}},"loc":{"start":{"line":25,"column":25},"end":{"line":25,"column":60}},"line":25},"2":{"name":"(anonymous_2)","decl":{"start":{"line":26,"column":12},"end":{"line":26,"column":13}},"loc":{"start":{"line":26,"column":22},"end":{"line":26,"column":33}},"line":26},"3":{"name":"usePokemonSearch","decl":{"start":{"line":43,"column":16},"end":{"line":43,"column":32}},"loc":{"start":{"line":43,"column":48},"end":{"line":62,"column":1}},"line":43},"4":{"name":"(anonymous_4)","decl":{"start":{"line":52,"column":4},"end":{"line":52,"column":5}},"loc":{"start":{"line":52,"column":11},"end":{"line":52,"column":76}},"line":52}},"branchMap":{"0":{"loc":{"start":{"line":19,"column":2},"end":{"line":19,"column":26}},"type":"if","locations":[{"start":{"line":19,"column":2},"end":{"line":19,"column":26}},{"start":{},"end":{}}],"line":19},"1":{"loc":{"start":{"line":22,"column":2},"end":{"line":28,"column":3}},"type":"if","locations":[{"start":{"line":22,"column":2},"end":{"line":28,"column":3}},{"start":{},"end":{}}],"line":22},"2":{"loc":{"start":{"line":33,"column":4},"end":{"line":34,"column":72}},"type":"if","locations":[{"start":{"line":33,"column":4},"end":{"line":34,"column":72}},{"start":{"line":34,"column":9},"end":{"line":34,"column":72}}],"line":33},"3":{"loc":{"start":{"line":34,"column":9},"end":{"line":34,"column":72}},"type":"if","locations":[{"start":{"line":34,"column":9},"end":{"line":34,"column":72}},{"start":{},"end":{}}],"line":34},"4":{"loc":{"start":{"line":52,"column":11},"end":{"line":52,"column":76}},"type":"cond-expr","locations":[{"start":{"line":52,"column":29},"end":{"line":52,"column":71}},{"start":{"line":52,"column":74},"end":{"line":52,"column":76}}],"line":52}},"s":{"0":5,"1":19,"2":19,"3":2,"4":17,"5":17,"6":6,"7":6,"8":62,"9":8,"10":11,"11":11,"12":11,"13":300,"14":12,"15":288,"16":29,"17":11,"18":122,"19":122,"20":55,"21":122},"f":{"0":19,"1":62,"2":8,"3":122,"4":55},"b":{"0":[2,17],"1":[6,11],"2":[12,288],"3":[29,259],"4":[11,44]},"_coverageSchema":"1a1c01bbd47fc00a2c39e90264f33305004495a9","hash":"4a7c4fb2372812214a705a001968ee1813f06675"}
,"/Users/yosef/Documents/Projects/Pokémon/src/hooks/usePokemonTypeIndex.ts": {"path":"/Users/yosef/Documents/Projects/Pokémon/src/hooks/usePokemonTypeIndex.ts","statementMap":{"0":{"start":{"line":13,"column":22},"end":{"line":13,"column":38}},"1":{"start":{"line":15,"column":2},"end":{"line":28,"column":5}},"2":{"start":{"line":18,"column":6},"end":{"line":26,"column":7}},"3":{"start":{"line":20,"column":10},"end":{"line":24,"column":12}},"4":{"start":{"line":22,"column":27},"end":{"line":22,"column":49}},"5":{"start":{"line":25,"column":21},"end":{"line":25,"column":75}}},"fnMap":{"0":{"name":"usePokemonTypeIndex","decl":{"start":{"line":12,"column":16},"end":{"line":12,"column":35}},"loc":{"start":{"line":12,"column":38},"end":{"line":29,"column":1}},"line":12},"1":{"name":"(anonymous_1)","decl":{"start":{"line":17,"column":13},"end":{"line":17,"column":14}},"loc":{"start":{"line":18,"column":6},"end":{"line":26,"column":7}},"line":18},"2":{"name":"(anonymous_2)","decl":{"start":{"line":19,"column":8},"end":{"line":19,"column":9}},"loc":{"start":{"line":20,"column":10},"end":{"line":24,"column":12}},"line":20},"3":{"name":"(anonymous_3)","decl":{"start":{"line":22,"column":21},"end":{"line":22,"column":22}},"loc":{"start":{"line":22,"column":27},"end":{"line":22,"column":49}},"line":22},"4":{"name":"(anonymous_4)","decl":{"start":{"line":25,"column":8},"end":{"line":25,"column":9}},"loc":{"start":{"line":25,"column":21},"end":{"line":25,"column":75}},"line":25}},"branchMap":{},"s":{"0":122,"1":122,"2":37,"3":666,"4":656,"5":68},"f":{"0":122,"1":37,"2":666,"3":656,"4":68},"b":{},"_coverageSchema":"1a1c01bbd47fc00a2c39e90264f33305004495a9","hash":"d876cc446b84154fc99e3aa3d63e8f2bd43e37ce"}
,"/Users/yosef/Documents/Projects/Pokémon/src/theme/paperTheme.ts": {"path":"/Users/yosef/Documents/Projects/Pokémon/src/theme/paperTheme.ts","statementMap":{"0":{"start":{"line":8,"column":27},"end":{"line":20,"column":10}},"1":{"start":{"line":22,"column":26},"end":{"line":34,"column":10}},"2":{"start":{"line":36,"column":41},"end":{"line":52,"column":1}},"3":{"start":{"line":54,"column":40},"end":{"line":71,"column":1}}},"fnMap":{},"branchMap":{},"s":{"0":7,"1":7,"2":7,"3":7},"f":{},"b":{},"_coverageSchema":"1a1c01bbd47fc00a2c39e90264f33305004495a9","hash":"771245d82c97fb89395c1101cb7a1de85dae4350"}
,"/Users/yosef/Documents/Projects/Pokémon/src/theme/typeColors.ts": {"path":"/Users/yosef/Documents/Projects/Pokémon/src/theme/typeColors.ts","statementMap":{"0":{"start":{"line":4,"column":49},"end":{"line":23,"column":1}},"1":{"start":{"line":25,"column":28},"end":{"line":25,"column":37}},"2":{"start":{"line":28,"column":2},"end":{"line":28,"column":79}},"3":{"start":{"line":36,"column":14},"end":{"line":36,"column":41}},"4":{"start":{"line":37,"column":12},"end":{"line":37,"column":41}},"5":{"start":{"line":38,"column":12},"end":{"line":38,"column":41}},"6":{"start":{"line":39,"column":12},"end":{"line":39,"column":41}},"7":{"start":{"line":41,"column":20},"end":{"line":41,"column":64}},"8":{"start":{"line":42,"column":2},"end":{"line":42,"column":49}},"9":{"start":{"line":47,"column":2},"end":{"line":47,"column":35}},"10":{"start":{"line":47,"column":18},"end":{"line":47,"column":35}},"11":{"start":{"line":48,"column":2},"end":{"line":48,"column":35}},"12":{"start":{"line":48,"column":18},"end":{"line":48,"column":35}},"13":{"start":{"line":49,"column":2},"end":{"line":49,"column":19}}},"fnMap":{"0":{"name":"typeColor","decl":{"start":{"line":27,"column":16},"end":{"line":27,"column":25}},"loc":{"start":{"line":27,"column":48},"end":{"line":29,"column":1}},"line":27},"1":{"name":"textColorOn","decl":{"start":{"line":35,"column":16},"end":{"line":35,"column":27}},"loc":{"start":{"line":35,"column":56},"end":{"line":43,"column":1}},"line":35},"2":{"name":"statColor","decl":{"start":{"line":46,"column":16},"end":{"line":46,"column":25}},"loc":{"start":{"line":46,"column":49},"end":{"line":50,"column":1}},"line":46}},"branchMap":{"0":{"loc":{"start":{"line":28,"column":9},"end":{"line":28,"column":78}},"type":"binary-expr","locations":[{"start":{"line":28,"column":9},"end":{"line":28,"column":55}},{"start":{"line":28,"column":59},"end":{"line":28,"column":78}}],"line":28},"1":{"loc":{"start":{"line":42,"column":9},"end":{"line":42,"column":48}},"type":"cond-expr","locations":[{"start":{"line":42,"column":27},"end":{"line":42,"column":36}},{"start":{"line":42,"column":39},"end":{"line":42,"column":48}}],"line":42},"2":{"loc":{"start":{"line":47,"column":2},"end":{"line":47,"column":35}},"type":"if","locations":[{"start":{"line":47,"column":2},"end":{"line":47,"column":35}},{"start":{},"end":{}}],"line":47},"3":{"loc":{"start":{"line":48,"column":2},"end":{"line":48,"column":35}},"type":"if","locations":[{"start":{"line":48,"column":2},"end":{"line":48,"column":35}},{"start":{},"end":{}}],"line":48}},"s":{"0":9,"1":9,"2":3311,"3":3292,"4":3292,"5":3292,"6":3292,"7":3292,"8":3292,"9":83,"10":49,"11":34,"12":29,"13":5},"f":{"0":3311,"1":3292,"2":83},"b":{"0":[3311,1],"1":[1776,1516],"2":[49,34],"3":[29,5]},"_coverageSchema":"1a1c01bbd47fc00a2c39e90264f33305004495a9","hash":"6716b8a89d70fbebfe3788b5833300c586443b36"}
,"/Users/yosef/Documents/Projects/Pokémon/src/utils/format.ts": {"path":"/Users/yosef/Documents/Projects/Pokémon/src/utils/format.ts","statementMap":{"0":{"start":{"line":3,"column":2},"end":{"line":3,"column":43}},"1":{"start":{"line":8,"column":2},"end":{"line":11,"column":15}},"2":{"start":{"line":10,"column":20},"end":{"line":10,"column":71}},"3":{"start":{"line":16,"column":2},"end":{"line":16,"column":45}},"4":{"start":{"line":21,"column":22},"end":{"line":21,"column":42}},"5":{"start":{"line":22,"column":13},"end":{"line":22,"column":41}},"6":{"start":{"line":23,"column":15},"end":{"line":23,"column":43}},"7":{"start":{"line":24,"column":2},"end":{"line":27,"column":3}},"8":{"start":{"line":25,"column":4},"end":{"line":25,"column":14}},"9":{"start":{"line":26,"column":4},"end":{"line":26,"column":15}},"10":{"start":{"line":28,"column":2},"end":{"line":28,"column":55}},"11":{"start":{"line":33,"column":2},"end":{"line":33,"column":46}},"12":{"start":{"line":38,"column":2},"end":{"line":38,"column":53}},"13":{"start":{"line":43,"column":16},"end":{"line":43,"column":39}},"14":{"start":{"line":44,"column":2},"end":{"line":44,"column":41}},"15":{"start":{"line":49,"column":2},"end":{"line":49,"column":117}},"16":{"start":{"line":54,"column":2},"end":{"line":54,"column":94}},"17":{"start":{"line":59,"column":2},"end":{"line":59,"column":41}},"18":{"start":{"line":59,"column":29},"end":{"line":59,"column":41}},"19":{"start":{"line":60,"column":2},"end":{"line":60,"column":64}},"20":{"start":{"line":63,"column":44},"end":{"line":70,"column":1}},"21":{"start":{"line":73,"column":2},"end":{"line":73,"column":47}}},"fnMap":{"0":{"name":"formatPokemonId","decl":{"start":{"line":2,"column":16},"end":{"line":2,"column":31}},"loc":{"start":{"line":2,"column":52},"end":{"line":4,"column":1}},"line":2},"1":{"name":"formatName","decl":{"start":{"line":7,"column":16},"end":{"line":7,"column":26}},"loc":{"start":{"line":7,"column":49},"end":{"line":12,"column":1}},"line":7},"2":{"name":"(anonymous_2)","decl":{"start":{"line":10,"column":9},"end":{"line":10,"column":10}},"loc":{"start":{"line":10,"column":20},"end":{"line":10,"column":71}},"line":10},"3":{"name":"formatHeightMeters","decl":{"start":{"line":15,"column":16},"end":{"line":15,"column":34}},"loc":{"start":{"line":15,"column":63},"end":{"line":17,"column":1}},"line":15},"4":{"name":"formatHeightFeetInches","decl":{"start":{"line":20,"column":16},"end":{"line":20,"column":38}},"loc":{"start":{"line":20,"column":67},"end":{"line":29,"column":1}},"line":20},"5":{"name":"formatWeightKg","decl":{"start":{"line":32,"column":16},"end":{"line":32,"column":30}},"loc":{"start":{"line":32,"column":59},"end":{"line":34,"column":1}},"line":32},"6":{"name":"formatWeightLbs","decl":{"start":{"line":37,"column":16},"end":{"line":37,"column":31}},"loc":{"start":{"line":37,"column":60},"end":{"line":39,"column":1}},"line":37},"7":{"name":"idFromUrl","decl":{"start":{"line":42,"column":16},"end":{"line":42,"column":25}},"loc":{"start":{"line":42,"column":54},"end":{"line":45,"column":1}},"line":42},"8":{"name":"artworkUrl","decl":{"start":{"line":48,"column":16},"end":{"line":48,"column":26}},"loc":{"start":{"line":48,"column":47},"end":{"line":50,"column":1}},"line":48},"9":{"name":"spriteUrl","decl":{"start":{"line":53,"column":16},"end":{"line":53,"column":25}},"loc":{"start":{"line":53,"column":46},"end":{"line":55,"column":1}},"line":53},"10":{"name":"formatEffectText","decl":{"start":{"line":58,"column":16},"end":{"line":58,"column":32}},"loc":{"start":{"line":58,"column":84},"end":{"line":61,"column":1}},"line":58},"11":{"name":"formatStatName","decl":{"start":{"line":72,"column":16},"end":{"line":72,"column":30}},"loc":{"start":{"line":72,"column":53},"end":{"line":74,"column":1}},"line":72}},"branchMap":{"0":{"loc":{"start":{"line":10,"column":20},"end":{"line":10,"column":71}},"type":"cond-expr","locations":[{"start":{"line":10,"column":27},"end":{"line":10,"column":64}},{"start":{"line":10,"column":67},"end":{"line":10,"column":71}}],"line":10},"1":{"loc":{"start":{"line":24,"column":2},"end":{"line":27,"column":3}},"type":"if","locations":[{"start":{"line":24,"column":2},"end":{"line":27,"column":3}},{"start":{},"end":{}}],"line":24},"2":{"loc":{"start":{"line":44,"column":9},"end":{"line":44,"column":40}},"type":"cond-expr","locations":[{"start":{"line":44,"column":17},"end":{"line":44,"column":33}},{"start":{"line":44,"column":36},"end":{"line":44,"column":40}}],"line":44},"3":{"loc":{"start":{"line":59,"column":2},"end":{"line":59,"column":41}},"type":"if","locations":[{"start":{"line":59,"column":2},"end":{"line":59,"column":41}},{"start":{},"end":{}}],"line":59},"4":{"loc":{"start":{"line":73,"column":9},"end":{"line":73,"column":46}},"type":"binary-expr","locations":[{"start":{"line":73,"column":9},"end":{"line":73,"column":26}},{"start":{"line":73,"column":30},"end":{"line":73,"column":46}}],"line":73}},"s":{"0":1378,"1":7785,"2":7935,"3":15,"4":17,"5":17,"6":17,"7":17,"8":1,"9":1,"10":17,"11":14,"12":14,"13":2803,"14":2803,"15":688,"16":688,"17":11,"18":9,"19":2,"20":12,"21":82},"f":{"0":1378,"1":7785,"2":7935,"3":15,"4":17,"5":14,"6":14,"7":2803,"8":688,"9":688,"10":11,"11":82},"b":{"0":[7931,4],"1":[1,16],"2":[2800,3],"3":[9,2],"4":[82,1]},"_coverageSchema":"1a1c01bbd47fc00a2c39e90264f33305004495a9","hash":"fec152406281658ddef4c99d54579cff45ccb0ca"}
}
