TN:
SF:src/api/pokeapi.ts
FN:18,(anonymous_0)
FN:27,fetchJson
FN:47,toSummaries
FN:48,(anonymous_3)
FN:55,getPokemonPage
FN:64,getPokemon
FN:73,getPokemonByType
FN:80,(anonymous_7)
FN:84,(anonymous_8)
FN:93,toIndex
FN:97,(anonymous_10)
FN:97,(anonymous_11)
FN:111,buildPokemonTypeIndex
FN:121,(anonymous_13)
FN:123,(anonymous_14)
FN:124,(anonymous_15)
FN:151,getMove
FN:160,getAllPokemonNames
FNF:18
FNH:18
FNDA:401,(anonymous_0)
FNDA:815,fetchJson
FNDA:51,toSummaries
FNDA:1188,(anonymous_3)
FNDA:43,getPokemonPage
FNDA:19,getPokemon
FNDA:729,getPokemonByType
FNDA:1612,(anonymous_7)
FNDA:1269,(anonymous_8)
FNDA:108,toIndex
FNDA:989,(anonymous_10)
FNDA:3855,(anonymous_11)
FNDA:42,buildPokemonTypeIndex
FNDA:756,(anonymous_13)
FNDA:410,(anonymous_14)
FNDA:346,(anonymous_15)
FNDA:13,getMove
FNDA:11,getAllPokemonNames
DA:13,9
DA:15,9
DA:22,401
DA:23,401
DA:29,815
DA:30,815
DA:34,43
DA:37,772
DA:38,354
DA:44,418
DA:48,51
DA:49,1188
DA:50,1188
DA:58,43
DA:59,41
DA:60,41
DA:65,19
DA:66,19
DA:74,729
DA:75,729
DA:79,342
DA:81,1612
DA:82,1612
DA:84,1269
DA:91,9
DA:95,108
DA:96,108
DA:97,3855
DA:99,108
DA:115,42
DA:116,42
DA:118,42
DA:119,126
DA:120,126
DA:122,756
DA:123,410
DA:124,346
DA:128,126
DA:129,756
DA:130,410
DA:131,410
DA:132,1611
DA:133,1611
DA:134,1099
DA:140,126
DA:141,126
DA:144,42
DA:145,4
DA:147,38
DA:152,13
DA:153,13
DA:161,11
DA:162,10
LF:53
LH:53
BRDA:27,0,0,73
BRDA:37,1,0,354
BRDA:37,1,1,418
BRDA:39,2,0,332
BRDA:39,2,1,22
BRDA:50,3,0,1
BRDA:50,3,1,1187
BRDA:59,4,0,36
BRDA:59,4,1,5
BRDA:82,5,0,1
BRDA:82,5,1,1611
BRDA:129,6,0,346
BRDA:129,6,1,410
BRDA:133,7,0,512
BRDA:133,7,1,1099
BRDA:141,8,0,76
BRDA:141,8,1,50
BRDA:141,9,0,126
BRDA:141,9,1,84
BRDA:144,10,0,4
BRDA:144,10,1,38
BRF:21
BRH:21
end_of_record
TN:
SF:src/api/queryClient.ts
FN:23,(anonymous_0)
FN:46,purgeLegacyCacheKeys
FN:48,(anonymous_2)
FNF:3
FNH:3
FNDA:842,(anonymous_0)
FNDA:58,purgeLegacyCacheKeys
FNDA:5,(anonymous_2)
DA:7,8
DA:10,8
DA:19,8
DA:23,842
DA:31,8
DA:47,58
DA:48,58
DA:49,58
LF:8
LH:8
BRDA:48,0,0,5
BRDA:48,0,1,3
BRDA:49,1,0,3
BRDA:49,1,1,55
BRF:4
BRH:4
end_of_record
TN:
SF:src/api/queryKeys.ts
FN:9,(anonymous_0)
FN:10,(anonymous_1)
FN:12,(anonymous_2)
FN:28,isPersistedQueryKey
FN:29,(anonymous_4)
FN:30,(anonymous_5)
FNF:6
FNH:6
FNDA:829,(anonymous_0)
FNDA:32,(anonymous_1)
FNDA:24,(anonymous_2)
FNDA:842,isPersistedQueryKey
FNDA:3183,(anonymous_4)
FNDA:6322,(anonymous_5)
DA:5,9
DA:9,829
DA:11,32
DA:12,24
DA:20,9
DA:29,842
DA:30,6322
LF:7
LH:7
BRF:0
BRH:0
end_of_record
TN:
SF:src/api/types.ts
FNF:0
FNH:0
DA:79,9
LF:1
LH:1
BRF:0
BRH:0
end_of_record
TN:
SF:src/app/_layout.tsx
FN:20,(anonymous_0)
FN:26,(anonymous_1)
FN:31,RootLayout
FN:42,(anonymous_3)
FN:43,(anonymous_4)
FN:70,(anonymous_5)
FNF:6
FNH:6
FNDA:1,(anonymous_0)
FNDA:164,(anonymous_1)
FNDA:113,RootLayout
FNDA:56,(anonymous_3)
FNDA:56,(anonymous_4)
FNDA:1,(anonymous_5)
DA:20,6
DA:22,6
DA:23,6
DA:25,6
DA:27,164
DA:32,113
DA:33,113
DA:34,113
DA:35,113
DA:42,113
DA:43,56
DA:44,56
DA:45,56
DA:46,54
DA:47,54
DA:52,56
DA:58,113
DA:60,57
DA:70,1
LF:19
LH:19
BRDA:33,0,0,4
BRDA:33,0,1,109
BRDA:45,1,0,54
BRDA:45,1,1,2
BRDA:58,2,0,56
BRDA:58,2,1,57
BRDA:62,3,0,2
BRDA:62,3,1,55
BRDA:63,4,0,54
BRDA:63,4,1,3
BRDA:63,5,0,57
BRDA:63,5,1,56
BRDA:70,6,0,56
BRDA:70,6,1,1
BRF:14
BRH:14
end_of_record
TN:
SF:src/app/index.tsx
FN:27,ListScreen
FN:46,(anonymous_1)
FN:53,(anonymous_2)
FN:56,(anonymous_3)
FN:66,(anonymous_4)
FN:81,(anonymous_5)
FN:89,(anonymous_6)
FN:96,(anonymous_7)
FN:97,(anonymous_8)
FN:98,(anonymous_9)
FN:105,(anonymous_10)
FN:107,(anonymous_11)
FN:108,(anonymous_12)
FN:149,(anonymous_13)
FN:162,(anonymous_14)
FN:165,(anonymous_15)
FN:201,(anonymous_16)
FN:210,(anonymous_17)
FN:214,(anonymous_18)
FN:247,(anonymous_19)
FN:248,(anonymous_20)
FNF:21
FNH:21
FNDA:122,ListScreen
FNDA:2,(anonymous_1)
FNDA:1,(anonymous_2)
FNDA:1,(anonymous_3)
FNDA:837,(anonymous_4)
FNDA:1,(anonymous_5)
FNDA:4,(anonymous_6)
FNDA:9,(anonymous_7)
FNDA:9,(anonymous_8)
FNDA:1,(anonymous_9)
FNDA:100,(anonymous_10)
FNDA:16,(anonymous_11)
FNDA:2,(anonymous_12)
FNDA:7,(anonymous_13)
FNDA:19,(anonymous_14)
FNDA:1,(anonymous_15)
FNDA:400,(anonymous_16)
FNDA:1232,(anonymous_17)
FNDA:6,(anonymous_18)
FNDA:1,(anonymous_19)
FNDA:3,(anonymous_20)
DA:25,4
DA:28,122
DA:29,122
DA:30,122
DA:31,122
DA:32,122
DA:33,122
DA:34,122
DA:35,122
DA:37,122
DA:38,122
DA:40,122
DA:41,122
DA:42,122
DA:43,122
DA:45,122
DA:46,2
DA:52,122
DA:54,1
DA:56,1
DA:63,122
DA:64,122
DA:65,122
DA:67,837
DA:81,122
DA:82,1
DA:85,1
DA:86,1
DA:89,122
DA:90,4
DA:91,4
DA:92,4
DA:93,4
DA:96,122
DA:97,9
DA:98,9
DA:105,122
DA:106,100
DA:107,16
DA:108,4
DA:110,96
DA:111,80
DA:112,72
DA:116,122
DA:121,122
DA:124,122
DA:126,122
DA:127,122
DA:129,122
DA:135,122
DA:149,7
DA:163,19
DA:165,1
DA:202,400
DA:210,1232
DA:215,6
DA:216,5
DA:247,1
DA:248,3
LF:59
LH:59
BRDA:31,0,0,2
BRDA:31,0,1,120
BRDA:73,1,0,837
BRDA:73,1,1,38
BRDA:73,2,0,16
BRDA:73,2,1,22
BRDA:90,3,0,1
BRDA:90,3,1,3
BRDA:91,4,0,1
BRDA:91,4,1,3
BRDA:92,5,0,2
BRDA:92,5,1,2
BRDA:92,6,0,4
BRDA:92,6,1,3
BRDA:93,7,0,2
BRDA:93,7,1,2
BRDA:98,8,0,1
BRDA:98,8,1,8
BRDA:106,9,0,4
BRDA:106,9,1,96
BRDA:106,10,0,100
BRDA:106,10,1,20
BRDA:110,11,0,16
BRDA:110,11,1,80
BRDA:111,12,0,8
BRDA:111,12,1,72
BRDA:112,13,0,72
BRDA:112,13,1,34
BRDA:116,14,0,122
BRDA:116,14,1,22
BRDA:116,14,2,121
BRDA:116,14,3,18
BRDA:116,14,4,120
BRDA:116,14,5,99
BRDA:116,14,6,86
BRDA:121,15,0,122
BRDA:121,15,1,22
BRDA:121,15,2,111
BRDA:121,15,3,16
BRDA:121,15,4,108
BRDA:121,15,5,97
BRDA:121,15,6,86
BRDA:124,16,0,122
BRDA:124,16,1,118
BRDA:127,17,0,18
BRDA:127,17,1,104
BRDA:129,18,0,4
BRDA:129,18,1,118
BRDA:129,19,0,122
BRDA:129,19,1,22
BRDA:131,20,0,18
BRDA:131,20,1,100
BRDA:160,21,0,18
BRDA:160,21,1,104
BRDA:188,22,0,4
BRDA:188,22,1,118
BRDA:191,23,0,1
BRDA:191,23,1,3
BRDA:193,24,0,1
BRDA:193,24,1,2
BRDA:199,25,0,50
BRDA:199,25,1,68
BRDA:215,26,0,5
BRDA:215,26,1,1
BRDA:215,27,0,6
BRDA:215,27,1,5
BRDA:215,27,2,5
BRDA:215,27,3,5
BRDA:221,28,0,20
BRDA:221,28,1,48
BRDA:221,29,0,68
BRDA:221,29,1,58
BRDA:228,30,0,1
BRDA:228,30,1,67
BRDA:228,31,0,68
BRDA:228,31,1,58
BRDA:228,31,2,48
BRDA:233,32,0,20
BRDA:233,32,1,48
BRDA:233,33,0,68
BRDA:233,33,1,58
BRF:81
BRH:81
end_of_record
TN:
SF:src/app/move/[name].tsx
FN:11,FactBox
FN:25,MoveScreen
FN:31,(anonymous_2)
FN:41,(anonymous_3)
FN:54,(anonymous_4)
FNF:5
FNH:5
FNDA:30,FactBox
FNDA:23,MoveScreen
FNDA:9,(anonymous_2)
FNDA:1,(anonymous_3)
FNDA:1,(anonymous_4)
DA:12,30
DA:26,23
DA:27,23
DA:28,23
DA:31,23
DA:34,23
DA:41,1
DA:54,1
LF:8
LH:8
BRDA:28,0,0,23
BRDA:28,0,1,1
BRDA:31,1,0,23
BRDA:31,1,1,15
BRDA:47,2,0,11
BRDA:47,2,1,12
BRDA:51,3,0,2
BRDA:51,3,1,10
BRDA:51,4,0,12
BRDA:51,4,1,11
BRDA:53,5,0,2
BRDA:53,5,1,1
BRDA:70,6,0,9
BRDA:70,6,1,1
BRDA:81,7,0,8
BRDA:81,7,1,2
BRDA:82,8,0,8
BRDA:82,8,1,2
BRDA:83,9,0,9
BRDA:83,9,1,1
BRDA:86,10,0,9
BRDA:86,10,1,1
BRF:22
BRH:22
end_of_record
TN:
SF:src/app/pokemon/[name].tsx
FN:25,SectionCard
FN:34,DetailScreen
FN:50,(anonymous_2)
FN:63,(anonymous_3)
FN:83,(anonymous_4)
FN:98,(anonymous_5)
FN:122,(anonymous_6)
FN:125,(anonymous_7)
FN:132,(anonymous_8)
FN:146,(anonymous_9)
FN:146,(anonymous_10)
FNF:11
FNH:11
FNDA:39,SectionCard
FNDA:30,DetailScreen
FNDA:1,(anonymous_2)
FNDA:1,(anonymous_3)
FNDA:25,(anonymous_4)
FNDA:78,(anonymous_5)
FNDA:100,(anonymous_6)
FNDA:1,(anonymous_7)
FNDA:101,(anonymous_8)
FNDA:2,(anonymous_9)
FNDA:2,(anonymous_10)
DA:23,3
DA:26,39
DA:35,30
DA:36,30
DA:37,30
DA:38,30
DA:40,30
DA:41,30
DA:43,30
DA:50,1
DA:63,1
DA:84,25
DA:99,78
DA:123,100
DA:126,1
DA:132,101
DA:146,2
LF:17
LH:17
BRDA:37,0,0,30
BRDA:37,0,1,1
BRDA:40,1,0,30
BRDA:40,1,1,17
BRDA:41,2,0,1
BRDA:41,2,1,29
BRDA:56,3,0,14
BRDA:56,3,1,16
BRDA:60,4,0,3
BRDA:60,4,1,13
BRDA:60,5,0,16
BRDA:60,5,1,14
BRDA:62,6,0,3
BRDA:62,6,1,1
BRDA:132,7,0,1
BRDA:132,7,1,100
BRDA:141,8,0,11
BRDA:141,8,1,2
BRDA:145,9,0,1
BRDA:145,9,1,10
BRDA:149,10,0,1
BRDA:149,10,1,10
BRF:22
BRH:22
end_of_record
TN:
SF:src/components/AnimatedSplash.tsx
FN:18,AnimatedSplash
FN:22,(anonymous_1)
FN:23,(anonymous_2)
FN:25,(anonymous_3)
FN:26,(anonymous_4)
FN:29,(anonymous_5)
FN:40,(anonymous_6)
FN:46,(anonymous_7)
FN:52,(anonymous_8)
FNF:9
FNH:9
FNDA:63,AnimatedSplash
FNDA:63,(anonymous_1)
FNDA:63,(anonymous_2)
FNDA:2,(anonymous_3)
FNDA:1,(anonymous_4)
FNDA:63,(anonymous_5)
FNDA:3,(anonymous_6)
FNDA:3,(anonymous_7)
FNDA:63,(anonymous_8)
DA:8,7
DA:9,7
DA:10,7
DA:11,7
DA:19,63
DA:20,63
DA:22,63
DA:23,63
DA:25,63
DA:26,2
DA:29,63
DA:30,63
DA:38,63
DA:40,63
DA:41,3
DA:47,3
DA:48,3
DA:52,63
DA:53,63
DA:54,63
DA:58,63
DA:62,63
DA:64,63
DA:84,7
LF:24
LH:24
BRDA:20,0,0,3
BRDA:20,0,1,60
BRDA:48,1,0,2
BRDA:48,1,1,1
BRF:4
BRH:4
end_of_record
TN:
SF:src/components/Artwork.tsx
FN:25,Artwork
FN:32,(anonymous_1)
FN:56,(anonymous_2)
FN:56,(anonymous_3)
FNF:4
FNH:4
FNDA:703,Artwork
FNDA:1406,(anonymous_1)
FNDA:3,(anonymous_2)
FNDA:3,(anonymous_3)
DA:19,7
DA:26,703
DA:28,703
DA:32,1406
DA:34,703
DA:36,703
DA:37,3
DA:48,700
DA:56,3
LF:9
LH:9
BRDA:25,0,0,9
BRDA:29,1,0,16
BRDA:29,1,1,687
BRDA:36,2,0,3
BRDA:36,2,1,700
BRF:5
BRH:5
end_of_record
TN:
SF:src/components/ErrorState.tsx
FN:10,ErrorState
FNF:1
FNH:1
FNDA:13,ErrorState
DA:11,13
LF:1
LH:1
BRDA:10,0,0,1
BRDA:15,1,0,10
BRDA:15,1,1,3
BRF:3
BRH:3
end_of_record
TN:
SF:src/components/Pokeball.tsx
FN:12,Pokeball
FNF:1
FNH:1
FNDA:7,Pokeball
DA:9,8
DA:13,7
DA:14,7
DA:16,7
LF:4
LH:4
BRDA:12,0,0,3
BRDA:12,1,0,3
BRF:2
BRH:2
end_of_record
TN:
SF:src/components/PokemonCard.tsx
FN:22,PokemonCard
FN:31,(anonymous_1)
FN:32,(anonymous_2)
FN:37,(anonymous_3)
FN:52,(anonymous_4)
FN:53,(anonymous_5)
FNF:6
FNH:6
FNDA:681,PokemonCard
FNDA:3,(anonymous_1)
FNDA:3,(anonymous_2)
FNDA:682,(anonymous_3)
FNDA:1002,(anonymous_4)
FNDA:34,(anonymous_5)
DA:22,5
DA:29,681
DA:31,3
DA:32,3
DA:37,682
DA:52,1002
DA:54,34
LF:7
LH:7
BRDA:37,0,0,1
BRDA:37,0,1,681
BRDA:51,1,0,664
BRDA:51,1,1,17
BRF:4
BRH:4
end_of_record
TN:
SF:src/components/Pulse.tsx
FN:5,Pulse
FN:8,(anonymous_1)
FN:26,(anonymous_2)
FNF:3
FNH:3
FNDA:400,Pulse
FNDA:392,(anonymous_1)
FNDA:392,(anonymous_2)
DA:6,400
DA:8,400
DA:9,392
DA:25,392
DA:26,392
DA:29,400
LF:6
LH:6
BRF:0
BRH:0
end_of_record
TN:
SF:src/components/ScreenHeader.tsx
FN:11,ScreenHeader
FNF:1
FNH:1
FNDA:175,ScreenHeader
DA:12,175
DA:14,175
LF:2
LH:2
BRF:0
BRH:0
end_of_record
TN:
SF:src/components/SkeletonCard.tsx
FN:6,SkeletonCard
FNF:1
FNH:1
FNDA:400,SkeletonCard
DA:7,400
LF:1
LH:1
BRF:0
BRH:0
end_of_record
TN:
SF:src/components/StatBar.tsx
FN:15,StatBar
FNF:1
FNH:1
FNDA:80,StatBar
DA:12,4
DA:16,80
DA:18,80
LF:3
LH:3
BRDA:15,0,0,80
BRF:1
BRH:1
end_of_record
TN:
SF:src/components/TypeChip.tsx
FN:12,TypeChip
FNF:1
FNH:1
FNDA:1037,TypeChip
DA:13,1037
DA:14,1037
LF:2
LH:2
BRDA:12,0,0,1002
BRDA:16,1,0,1002
BRDA:16,1,1,35
BRDA:20,2,0,1002
BRDA:20,2,1,35
BRF:5
BRH:5
end_of_record
TN:
SF:src/components/TypeFilterSheet.tsx
FN:25,TypeFilterSheet
FN:40,(anonymous_1)
FN:45,(anonymous_2)
FN:116,(anonymous_3)
FN:122,(anonymous_4)
FNF:5
FNH:5
FNDA:122,TypeFilterSheet
FNDA:44,(anonymous_1)
FNDA:57,(anonymous_2)
FNDA:2196,(anonymous_3)
FNDA:8,(anonymous_4)
DA:32,122
DA:33,122
DA:34,122
DA:35,122
DA:36,122
DA:40,122
DA:41,44
DA:42,7
DA:43,126
DA:45,57
DA:51,122
DA:117,2196
DA:118,2196
DA:119,2196
DA:122,8
LF:15
LH:15
BRDA:33,0,0,2
BRDA:33,0,1,120
BRDA:41,1,0,37
BRDA:41,1,1,7
BRDA:95,2,0,18
BRDA:95,2,1,104
BRDA:127,3,0,19
BRDA:127,3,1,2177
BRDA:138,4,0,19
BRDA:138,4,1,2177
BRDA:140,5,0,1891
BRDA:140,5,1,305
BRDA:140,6,0,2196
BRDA:140,6,1,324
BRDA:143,7,0,19
BRDA:143,7,1,2177
BRF:16
BRH:16
end_of_record
TN:
SF:src/hooks/useMove.ts
FN:7,useMove
FN:10,(anonymous_1)
FNF:2
FNH:2
FNDA:23,useMove
FNDA:11,(anonymous_1)
DA:8,23
DA:10,11
LF:2
LH:2
BRF:0
BRH:0
end_of_record
TN:
SF:src/hooks/usePokemon.ts
FN:10,usePokemon
FN:13,(anonymous_1)
FNF:2
FNH:2
FNDA:30,usePokemon
FNDA:14,(anonymous_1)
DA:11,30
DA:13,14
LF:2
LH:2
BRF:0
BRH:0
end_of_record
TN:
SF:src/hooks/usePokemonByTypes.ts
FN:19,combineTypeResults
FN:21,(anonymous_1)
FN:21,(anonymous_2)
FN:25,(anonymous_3)
FN:25,(anonymous_4)
FN:26,(anonymous_5)
FN:26,(anonymous_6)
FN:30,(anonymous_7)
FN:31,(anonymous_8)
FN:32,(anonymous_9)
FN:32,(anonymous_10)
FN:41,usePokemonByTypes
FN:43,(anonymous_12)
FN:45,(anonymous_13)
FNF:14
FNH:14
FNDA:72,combineTypeResults
FNDA:47,(anonymous_1)
FNDA:47,(anonymous_2)
FNDA:5,(anonymous_3)
FNDA:46,(anonymous_4)
FNDA:74,(anonymous_5)
FNDA:20,(anonymous_6)
FNDA:42,(anonymous_7)
FNDA:47,(anonymous_8)
FNDA:2,(anonymous_9)
FNDA:3,(anonymous_10)
FNDA:133,usePokemonByTypes
FNDA:37,(anonymous_12)
FNDA:13,(anonymous_13)
DA:20,72
DA:21,72
DA:23,72
DA:24,19
DA:25,46
DA:26,74
DA:28,72
DA:30,42
DA:31,47
DA:32,3
DA:42,133
DA:43,37
DA:45,13
LF:13
LH:13
BRDA:23,0,0,19
BRDA:23,0,1,53
BRDA:23,1,0,72
BRDA:23,1,1,33
BRF:4
BRH:4
end_of_record
TN:
SF:src/hooks/usePokemonList.ts
FN:7,usePokemonList
FN:10,(anonymous_1)
FN:12,(anonymous_2)
FN:13,(anonymous_3)
FN:13,(anonymous_4)
FNF:5
FNH:5
FNDA:122,usePokemonList
FNDA:40,(anonymous_1)
FNDA:226,(anonymous_2)
FNDA:121,(anonymous_3)
FNDA:125,(anonymous_4)
DA:8,122
DA:10,40
DA:12,226
DA:13,125
LF:4
LH:4
BRDA:12,0,0,226
BRDA:12,0,1,15
BRF:2
BRH:2
end_of_record
TN:
SF:src/hooks/usePokemonSearch.ts
FN:14,searchPokemonIndex
FN:25,(anonymous_1)
FN:26,(anonymous_2)
FN:43,usePokemonSearch
FN:52,(anonymous_4)
FNF:5
FNH:5
FNDA:19,searchPokemonIndex
FNDA:62,(anonymous_1)
FNDA:8,(anonymous_2)
FNDA:122,usePokemonSearch
FNDA:55,(anonymous_4)
DA:8,5
DA:18,19
DA:19,19
DA:21,17
DA:22,17
DA:23,6
DA:24,6
DA:25,62
DA:26,8
DA:30,11
DA:31,11
DA:32,11
DA:33,300
DA:34,288
DA:36,11
DA:44,122
DA:51,122
DA:52,55
DA:56,122
LF:19
LH:19
BRDA:19,0,0,2
BRDA:19,0,1,17
BRDA:22,1,0,6
BRDA:22,1,1,11
BRDA:33,2,0,12
BRDA:33,2,1,288
BRDA:34,3,0,29
BRDA:34,3,1,259
BRDA:52,4,0,11
BRDA:52,4,1,44
BRF:10
BRH:10
end_of_record
TN:
SF:src/hooks/usePokemonTypeIndex.ts
FN:12,usePokemonTypeIndex
FN:17,(anonymous_1)
FN:19,(anonymous_2)
FN:22,(anonymous_3)
FN:25,(anonymous_4)
FNF:5
FNH:5
FNDA:122,usePokemonTypeIndex
FNDA:37,(anonymous_1)
FNDA:666,(anonymous_2)
FNDA:656,(anonymous_3)
FNDA:68,(anonymous_4)
DA:13,122
DA:15,122
DA:18,37
DA:20,666
DA:22,656
DA:25,68
LF:6
LH:6
BRF:0
BRH:0
end_of_record
TN:
SF:src/theme/paperTheme.ts
FNF:0
FNH:0
DA:8,7
DA:22,7
DA:36,7
DA:54,7
LF:4
LH:4
BRF:0
BRH:0
end_of_record
TN:
SF:src/theme/typeColors.ts
FN:27,typeColor
FN:35,textColorOn
FN:46,statColor
FNF:3
FNH:3
FNDA:3311,typeColor
FNDA:3292,textColorOn
FNDA:83,statColor
DA:4,9
DA:25,9
DA:28,3311
DA:36,3292
DA:37,3292
DA:38,3292
DA:39,3292
DA:41,3292
DA:42,3292
DA:47,83
DA:48,34
DA:49,5
LF:12
LH:12
BRDA:28,0,0,3311
BRDA:28,0,1,1
BRDA:42,1,0,1776
BRDA:42,1,1,1516
BRDA:47,2,0,49
BRDA:47,2,1,34
BRDA:48,3,0,29
BRDA:48,3,1,5
BRF:8
BRH:8
end_of_record
TN:
SF:src/utils/format.ts
FN:2,formatPokemonId
FN:7,formatName
FN:10,(anonymous_2)
FN:15,formatHeightMeters
FN:20,formatHeightFeetInches
FN:32,formatWeightKg
FN:37,formatWeightLbs
FN:42,idFromUrl
FN:48,artworkUrl
FN:53,spriteUrl
FN:58,formatEffectText
FN:72,formatStatName
FNF:12
FNH:12
FNDA:1378,formatPokemonId
FNDA:7785,formatName
FNDA:7935,(anonymous_2)
FNDA:15,formatHeightMeters
FNDA:17,formatHeightFeetInches
FNDA:14,formatWeightKg
FNDA:14,formatWeightLbs
FNDA:2803,idFromUrl
FNDA:688,artworkUrl
FNDA:688,spriteUrl
FNDA:11,formatEffectText
FNDA:82,formatStatName
DA:3,1378
DA:8,7785
DA:10,7935
DA:16,15
DA:21,17
DA:22,17
DA:23,17
DA:24,17
DA:25,1
DA:26,1
DA:28,17
DA:33,14
DA:38,14
DA:43,2803
DA:44,2803
DA:49,688
DA:54,688
DA:59,11
DA:60,2
DA:63,12
DA:73,82
LF:21
LH:21
BRDA:10,0,0,7931
BRDA:10,0,1,4
BRDA:24,1,0,1
BRDA:24,1,1,16
BRDA:44,2,0,2800
BRDA:44,2,1,3
BRDA:59,3,0,9
BRDA:59,3,1,2
BRDA:73,4,0,82
BRDA:73,4,1,1
BRF:10
BRH:10
end_of_record
