TN:
SF:src/api/pokeapi.ts
FN:18,(anonymous_0)
FN:27,fetchJson
FN:47,toSummaries
FN:48,(anonymous_3)
FN:55,getPokemonPage
FN:64,getPokemon
FN:73,getPokemonByType
FN:80,(anonymous_7)
FN:84,(anonymous_8)
FN:93,toIndex
FN:97,(anonymous_10)
FN:97,(anonymous_11)
FN:111,buildPokemonTypeIndex
FN:121,(anonymous_13)
FN:123,(anonymous_14)
FN:124,(anonymous_15)
FN:151,getMove
FN:160,getAllPokemonNames
FNF:18
FNH:18
FNDA:409,(anonymous_0)
FNDA:834,fetchJson
FNDA:52,toSummaries
FNDA:1212,(anonymous_3)
FNDA:44,getPokemonPage
FNDA:19,getPokemon
FNDA:747,getPokemonByType
FNDA:1659,(anonymous_7)
FNDA:1306,(anonymous_8)
FNDA:111,toIndex
FNDA:1018,(anonymous_10)
FNDA:3968,(anonymous_11)
FNDA:43,buildPokemonTypeIndex
FNDA:774,(anonymous_13)
FNDA:420,(anonymous_14)
FNDA:354,(anonymous_15)
FNDA:13,getMove
FNDA:11,getAllPokemonNames
DA:13,11
DA:15,11
DA:22,409
DA:23,409
DA:29,834
DA:30,834
DA:34,43
DA:37,791
DA:38,362
DA:44,429
DA:48,52
DA:49,1212
DA:50,1212
DA:58,44
DA:59,42
DA:60,42
DA:65,19
DA:66,19
DA:74,747
DA:75,747
DA:79,352
DA:81,1659
DA:82,1659
DA:84,1306
DA:91,11
DA:95,111
DA:96,111
DA:97,3968
DA:99,111
DA:115,43
DA:116,43
DA:118,43
DA:119,129
DA:120,129
DA:122,774
DA:123,420
DA:124,354
DA:128,129
DA:129,774
DA:130,420
DA:131,420
DA:132,1658
DA:133,1658
DA:134,1131
DA:140,129
DA:141,129
DA:144,43
DA:145,4
DA:147,39
DA:152,13
DA:153,13
DA:161,11
DA:162,10
LF:53
LH:53
BRDA:27,0,0,74
BRDA:37,1,0,362
BRDA:37,1,1,429
BRDA:39,2,0,340
BRDA:39,2,1,22
BRDA:50,3,0,1
BRDA:50,3,1,1211
BRDA:59,4,0,37
BRDA:59,4,1,5
BRDA:82,5,0,1
BRDA:82,5,1,1658
BRDA:129,6,0,354
BRDA:129,6,1,420
BRDA:133,7,0,527
BRDA:133,7,1,1131
BRDA:141,8,0,78
BRDA:141,8,1,51
BRDA:141,9,0,129
BRDA:141,9,1,86
BRDA:144,10,0,4
BRDA:144,10,1,39
BRF:21
BRH:21
end_of_record
TN:
SF:src/api/queryClient.ts
FN:23,(anonymous_0)
FN:46,purgeLegacyCacheKeys
FN:48,(anonymous_2)
FNF:3
FNH:3
FNDA:862,(anonymous_0)
FNDA:59,purgeLegacyCacheKeys
FNDA:5,(anonymous_2)
DA:7,10
DA:10,10
DA:19,10
DA:23,862
DA:31,10
DA:47,59
DA:48,59
DA:49,59
LF:8
LH:8
BRDA:48,0,0,5
BRDA:48,0,1,3
BRDA:49,1,0,3
BRDA:49,1,1,56
BRF:4
BRH:4
end_of_record
TN:
SF:src/api/queryKeys.ts
FN:9,(anonymous_0)
FN:10,(anonymous_1)
FN:12,(anonymous_2)
FN:28,isPersistedQueryKey
FN:29,(anonymous_4)
FN:30,(anonymous_5)
FNF:6
FNH:6
FNDA:847,(anonymous_0)
FNDA:32,(anonymous_1)
FNDA:24,(anonymous_2)
FNDA:862,isPersistedQueryKey
FNDA:3259,(anonymous_4)
FNDA:6474,(anonymous_5)
DA:5,11
DA:9,847
DA:11,32
DA:12,24
DA:20,11
DA:29,862
DA:30,6474
LF:7
LH:7
BRF:0
BRH:0
end_of_record
TN:
SF:src/api/types.ts
FNF:0
FNH:0
DA:79,11
LF:1
LH:1
BRF:0
BRH:0
end_of_record
TN:
SF:src/app/_layout.tsx
FN:20,(anonymous_0)
FN:26,(anonymous_1)
FN:31,RootLayout
FN:42,(anonymous_3)
FN:43,(anonymous_4)
FN:70,(anonymous_5)
FNF:6
FNH:6
FNDA:1,(anonymous_0)
FNDA:165,(anonymous_1)
FNDA:115,RootLayout
FNDA:57,(anonymous_3)
FNDA:57,(anonymous_4)
FNDA:1,(anonymous_5)
DA:20,8
DA:22,8
DA:23,8
DA:25,8
DA:27,165
DA:32,115
DA:33,115
DA:34,115
DA:35,115
DA:42,115
DA:43,57
DA:44,57
DA:45,57
DA:46,55
DA:47,55
DA:52,57
DA:58,115
DA:60,58
DA:70,1
LF:19
LH:19
BRDA:33,0,0,4
BRDA:33,0,1,111
BRDA:45,1,0,55
BRDA:45,1,1,2
BRDA:58,2,0,57
BRDA:58,2,1,58
BRDA:62,3,0,2
BRDA:62,3,1,56
BRDA:63,4,0,55
BRDA:63,4,1,3
BRDA:63,5,0,58
BRDA:63,5,1,57
BRDA:70,6,0,57
BRDA:70,6,1,1
BRF:14
BRH:14
end_of_record
TN:
SF:src/app/index.tsx
FN:27,ListScreen
FN:46,(anonymous_1)
FN:53,(anonymous_2)
FN:56,(anonymous_3)
FN:66,(anonymous_4)
FN:81,(anonymous_5)
FN:89,(anonymous_6)
FN:96,(anonymous_7)
FN:97,(anonymous_8)
FN:98,(anonymous_9)
FN:105,(anonymous_10)
FN:107,(anonymous_11)
FN:108,(anonymous_12)
FN:149,(anonymous_13)
FN:162,(anonymous_14)
FN:165,(anonymous_15)
FN:201,(anonymous_16)
FN:210,(anonymous_17)
FN:214,(anonymous_18)
FN:247,(anonymous_19)
FN:248,(anonymous_20)
FNF:21
FNH:21
FNDA:123,ListScreen
FNDA:2,(anonymous_1)
FNDA:1,(anonymous_2)
FNDA:1,(anonymous_3)
FNDA:837,(anonymous_4)
FNDA:1,(anonymous_5)
FNDA:4,(anonymous_6)
FNDA:9,(anonymous_7)
FNDA:9,(anonymous_8)
FNDA:1,(anonymous_9)
FNDA:101,(anonymous_10)
FNDA:16,(anonymous_11)
FNDA:2,(anonymous_12)
FNDA:7,(anonymous_13)
FNDA:19,(anonymous_14)
FNDA:1,(anonymous_15)
FNDA:408,(anonymous_16)
FNDA:1232,(anonymous_17)
FNDA:6,(anonymous_18)
FNDA:1,(anonymous_19)
FNDA:3,(anonymous_20)
DA:25,6
DA:28,123
DA:29,123
DA:30,123
DA:31,123
DA:32,123
DA:33,123
DA:34,123
DA:35,123
DA:37,123
DA:38,123
DA:40,123
DA:41,123
DA:42,123
DA:43,123
DA:45,123
DA:46,2
DA:52,123
DA:54,1
DA:56,1
DA:63,123
DA:64,123
DA:65,123
DA:67,837
DA:81,123
DA:82,1
DA:85,1
DA:86,1
DA:89,123
DA:90,4
DA:91,4
DA:92,4
DA:93,4
DA:96,123
DA:97,9
DA:98,9
DA:105,123
DA:106,101
DA:107,16
DA:108,4
DA:110,97
DA:111,81
DA:112,73
DA:116,123
DA:121,123
DA:124,123
DA:126,123
DA:127,123
DA:129,123
DA:135,123
DA:149,7
DA:163,19
DA:165,1
DA:202,408
DA:210,1232
DA:215,6
DA:216,5
DA:247,1
DA:248,3
LF:59
LH:59
BRDA:31,0,0,2
BRDA:31,0,1,121
BRDA:73,1,0,837
BRDA:73,1,1,38
BRDA:73,2,0,16
BRDA:73,2,1,22
BRDA:90,3,0,1
BRDA:90,3,1,3
BRDA:91,4,0,1
BRDA:91,4,1,3
BRDA:92,5,0,2
BRDA:92,5,1,2
BRDA:92,6,0,4
BRDA:92,6,1,3
BRDA:93,7,0,2
BRDA:93,7,1,2
BRDA:98,8,0,1
BRDA:98,8,1,8
BRDA:106,9,0,4
BRDA:106,9,1,97
BRDA:106,10,0,101
BRDA:106,10,1,20
BRDA:110,11,0,16
BRDA:110,11,1,81
BRDA:111,12,0,8
BRDA:111,12,1,73
BRDA:112,13,0,73
BRDA:112,13,1,35
BRDA:116,14,0,123
BRDA:116,14,1,22
BRDA:116,14,2,122
BRDA:116,14,3,18
BRDA:116,14,4,121
BRDA:116,14,5,100
BRDA:116,14,6,87
BRDA:121,15,0,123
BRDA:121,15,1,22
BRDA:121,15,2,112
BRDA:121,15,3,16
BRDA:121,15,4,109
BRDA:121,15,5,98
BRDA:121,15,6,87
BRDA:124,16,0,123
BRDA:124,16,1,119
BRDA:127,17,0,18
BRDA:127,17,1,105
BRDA:129,18,0,4
BRDA:129,18,1,119
BRDA:129,19,0,123
BRDA:129,19,1,22
BRDA:131,20,0,18
BRDA:131,20,1,101
BRDA:160,21,0,18
BRDA:160,21,1,105
BRDA:188,22,0,4
BRDA:188,22,1,119
BRDA:191,23,0,1
BRDA:191,23,1,3
BRDA:193,24,0,1
BRDA:193,24,1,2
BRDA:199,25,0,51
BRDA:199,25,1,68
BRDA:215,26,0,5
BRDA:215,26,1,1
BRDA:215,27,0,6
BRDA:215,27,1,5
BRDA:215,27,2,5
BRDA:215,27,3,5
BRDA:221,28,0,20
BRDA:221,28,1,48
BRDA:221,29,0,68
BRDA:221,29,1,58
BRDA:228,30,0,1
BRDA:228,30,1,67
BRDA:228,31,0,68
BRDA:228,31,1,58
BRDA:228,31,2,48
BRDA:233,32,0,20
BRDA:233,32,1,48
BRDA:233,33,0,68
BRDA:233,33,1,58
BRF:81
BRH:81
end_of_record
TN:
SF:src/app/move/[name].tsx
FN:11,FactBox
FN:25,MoveScreen
FN:31,(anonymous_2)
FN:41,(anonymous_3)
FN:54,(anonymous_4)
FNF:5
FNH:5
FNDA:30,FactBox
FNDA:23,MoveScreen
FNDA:9,(anonymous_2)
FNDA:1,(anonymous_3)
FNDA:1,(anonymous_4)
DA:12,30
DA:26,23
DA:27,23
DA:28,23
DA:31,23
DA:34,23
DA:41,1
DA:54,1
LF:8
LH:8
BRDA:28,0,0,23
BRDA:28,0,1,1
BRDA:31,1,0,23
BRDA:31,1,1,15
BRDA:47,2,0,11
BRDA:47,2,1,12
BRDA:51,3,0,2
BRDA:51,3,1,10
BRDA:51,4,0,12
BRDA:51,4,1,11
BRDA:53,5,0,2
BRDA:53,5,1,1
BRDA:70,6,0,9
BRDA:70,6,1,1
BRDA:81,7,0,8
BRDA:81,7,1,2
BRDA:82,8,0,8
BRDA:82,8,1,2
BRDA:83,9,0,9
BRDA:83,9,1,1
BRDA:86,10,0,9
BRDA:86,10,1,1
BRF:22
BRH:22
end_of_record
TN:
SF:src/app/pokemon/[name].tsx
FN:25,SectionCard
FN:34,DetailScreen
FN:50,(anonymous_2)
FN:63,(anonymous_3)
FN:83,(anonymous_4)
FN:98,(anonymous_5)
FN:122,(anonymous_6)
FN:125,(anonymous_7)
FN:132,(anonymous_8)
FN:146,(anonymous_9)
FN:146,(anonymous_10)
FNF:11
FNH:11
FNDA:39,SectionCard
FNDA:30,DetailScreen
FNDA:1,(anonymous_2)
FNDA:1,(anonymous_3)
FNDA:25,(anonymous_4)
FNDA:78,(anonymous_5)
FNDA:100,(anonymous_6)
FNDA:1,(anonymous_7)
FNDA:101,(anonymous_8)
FNDA:2,(anonymous_9)
FNDA:2,(anonymous_10)
DA:23,3
DA:26,39
DA:35,30
DA:36,30
DA:37,30
DA:38,30
DA:40,30
DA:41,30
DA:43,30
DA:50,1
DA:63,1
DA:84,25
DA:99,78
DA:123,100
DA:126,1
DA:132,101
DA:146,2
LF:17
LH:17
BRDA:37,0,0,30
BRDA:37,0,1,1
BRDA:40,1,0,30
BRDA:40,1,1,17
BRDA:41,2,0,1
BRDA:41,2,1,29
BRDA:56,3,0,14
BRDA:56,3,1,16
BRDA:60,4,0,3
BRDA:60,4,1,13
BRDA:60,5,0,16
BRDA:60,5,1,14
BRDA:62,6,0,3
BRDA:62,6,1,1
BRDA:132,7,0,1
BRDA:132,7,1,100
BRDA:141,8,0,11
BRDA:141,8,1,2
BRDA:145,9,0,1
BRDA:145,9,1,10
BRDA:149,10,0,1
BRDA:149,10,1,10
BRF:22
BRH:22
end_of_record
TN:
SF:src/components/AnimatedSplash.tsx
FN:18,AnimatedSplash
FN:22,(anonymous_1)
FN:23,(anonymous_2)
FN:25,(anonymous_3)
FN:26,(anonymous_4)
FN:29,(anonymous_5)
FN:40,(anonymous_6)
FN:46,(anonymous_7)
FN:52,(anonymous_8)
FNF:9
FNH:9
FNDA:64,AnimatedSplash
FNDA:64,(anonymous_1)
FNDA:64,(anonymous_2)
FNDA:2,(anonymous_3)
FNDA:1,(anonymous_4)
FNDA:64,(anonymous_5)
FNDA:3,(anonymous_6)
FNDA:3,(anonymous_7)
FNDA:64,(anonymous_8)
DA:8,9
DA:9,9
DA:10,9
DA:11,9
DA:19,64
DA:20,64
DA:22,64
DA:23,64
DA:25,64
DA:26,2
DA:29,64
DA:30,64
DA:38,64
DA:40,64
DA:41,3
DA:47,3
DA:48,3
DA:52,64
DA:53,64
DA:54,64
DA:58,64
DA:62,64
DA:64,64
DA:84,9
LF:24
LH:24
BRDA:20,0,0,3
BRDA:20,0,1,61
BRDA:48,1,0,2
BRDA:48,1,1,1
BRF:4
BRH:4
end_of_record
TN:
SF:src/components/Artwork.tsx
FN:25,Artwork
FN:32,(anonymous_1)
FN:56,(anonymous_2)
FN:56,(anonymous_3)
FNF:4
FNH:4
FNDA:703,Artwork
FNDA:1406,(anonymous_1)
FNDA:3,(anonymous_2)
FNDA:3,(anonymous_3)
DA:19,9
DA:26,703
DA:28,703
DA:32,1406
DA:34,703
DA:36,703
DA:37,3
DA:48,700
DA:56,3
LF:9
LH:9
BRDA:25,0,0,9
BRDA:29,1,0,16
BRDA:29,1,1,687
BRDA:36,2,0,3
BRDA:36,2,1,700
BRF:5
BRH:5
end_of_record
TN:
SF:src/components/ErrorState.tsx
FN:10,ErrorState
FNF:1
FNH:1
FNDA:13,ErrorState
DA:11,13
LF:1
LH:1
BRDA:10,0,0,1
BRDA:15,1,0,10
BRDA:15,1,1,3
BRF:3
BRH:3
end_of_record
TN:
SF:src/components/Pokeball.tsx
FN:12,Pokeball
FNF:1
FNH:1
FNDA:7,Pokeball
DA:9,10
DA:13,7
DA:14,7
DA:16,7
LF:4
LH:4
BRDA:12,0,0,3
BRDA:12,1,0,3
BRF:2
BRH:2
end_of_record
TN:
SF:src/components/PokemonCard.tsx
FN:22,PokemonCard
FN:31,(anonymous_1)
FN:32,(anonymous_2)
FN:37,(anonymous_3)
FN:52,(anonymous_4)
FN:53,(anonymous_5)
FNF:6
FNH:6
FNDA:681,PokemonCard
FNDA:3,(anonymous_1)
FNDA:3,(anonymous_2)
FNDA:682,(anonymous_3)
FNDA:1002,(anonymous_4)
FNDA:34,(anonymous_5)
DA:22,7
DA:29,681
DA:31,3
DA:32,3
DA:37,682
DA:52,1002
DA:54,34
LF:7
LH:7
BRDA:37,0,0,1
BRDA:37,0,1,681
BRDA:51,1,0,664
BRDA:51,1,1,17
BRF:4
BRH:4
end_of_record
TN:
SF:src/components/Pulse.tsx
FN:5,Pulse
FN:8,(anonymous_1)
FN:26,(anonymous_2)
FNF:3
FNH:3
FNDA:408,Pulse
FNDA:400,(anonymous_1)
FNDA:400,(anonymous_2)
DA:6,408
DA:8,408
DA:9,400
DA:25,400
DA:26,400
DA:29,408
LF:6
LH:6
BRF:0
BRH:0
end_of_record
TN:
SF:src/components/ScreenHeader.tsx
FN:11,ScreenHeader
FNF:1
FNH:1
FNDA:176,ScreenHeader
DA:12,176
DA:14,176
LF:2
LH:2
BRF:0
BRH:0
end_of_record
TN:
SF:src/components/SkeletonCard.tsx
FN:6,SkeletonCard
FNF:1
FNH:1
FNDA:408,SkeletonCard
DA:7,408
LF:1
LH:1
BRF:0
BRH:0
end_of_record
TN:
SF:src/components/StatBar.tsx
FN:15,StatBar
FNF:1
FNH:1
FNDA:80,StatBar
DA:12,4
DA:16,80
DA:18,80
LF:3
LH:3
BRDA:15,0,0,80
BRF:1
BRH:1
end_of_record
TN:
SF:src/components/TypeChip.tsx
FN:12,TypeChip
FNF:1
FNH:1
FNDA:1037,TypeChip
DA:13,1037
DA:14,1037
LF:2
LH:2
BRDA:12,0,0,1002
BRDA:16,1,0,1002
BRDA:16,1,1,35
BRDA:20,2,0,1002
BRDA:20,2,1,35
BRF:5
BRH:5
end_of_record
TN:
SF:src/components/TypeFilterSheet.tsx
FN:25,TypeFilterSheet
FN:40,(anonymous_1)
FN:45,(anonymous_2)
FN:116,(anonymous_3)
FN:122,(anonymous_4)
FNF:5
FNH:5
FNDA:123,TypeFilterSheet
FNDA:45,(anonymous_1)
FNDA:57,(anonymous_2)
FNDA:2214,(anonymous_3)
FNDA:8,(anonymous_4)
DA:32,123
DA:33,123
DA:34,123
DA:35,123
DA:36,123
DA:40,123
DA:41,45
DA:42,7
DA:43,126
DA:45,57
DA:51,123
DA:117,2214
DA:118,2214
DA:119,2214
DA:122,8
LF:15
LH:15
BRDA:33,0,0,2
BRDA:33,0,1,121
BRDA:41,1,0,38
BRDA:41,1,1,7
BRDA:95,2,0,18
BRDA:95,2,1,105
BRDA:127,3,0,19
BRDA:127,3,1,2195
BRDA:138,4,0,19
BRDA:138,4,1,2195
BRDA:140,5,0,1909
BRDA:140,5,1,305
BRDA:140,6,0,2214
BRDA:140,6,1,324
BRDA:143,7,0,19
BRDA:143,7,1,2195
BRF:16
BRH:16
end_of_record
TN:
SF:src/hooks/useMove.ts
FN:7,useMove
FN:10,(anonymous_1)
FNF:2
FNH:2
FNDA:23,useMove
FNDA:11,(anonymous_1)
DA:8,23
DA:10,11
LF:2
LH:2
BRF:0
BRH:0
end_of_record
TN:
SF:src/hooks/usePokemon.ts
FN:10,usePokemon
FN:13,(anonymous_1)
FNF:2
FNH:2
FNDA:30,usePokemon
FNDA:14,(anonymous_1)
DA:11,30
DA:13,14
LF:2
LH:2
BRF:0
BRH:0
end_of_record
TN:
SF:src/hooks/usePokemonByTypes.ts
FN:19,combineTypeResults
FN:21,(anonymous_1)
FN:21,(anonymous_2)
FN:25,(anonymous_3)
FN:25,(anonymous_4)
FN:26,(anonymous_5)
FN:26,(anonymous_6)
FN:30,(anonymous_7)
FN:31,(anonymous_8)
FN:32,(anonymous_9)
FN:32,(anonymous_10)
FN:41,usePokemonByTypes
FN:43,(anonymous_12)
FN:45,(anonymous_13)
FNF:14
FNH:14
FNDA:73,combineTypeResults
FNDA:47,(anonymous_1)
FNDA:47,(anonymous_2)
FNDA:5,(anonymous_3)
FNDA:46,(anonymous_4)
FNDA:74,(anonymous_5)
FNDA:20,(anonymous_6)
FNDA:42,(anonymous_7)
FNDA:47,(anonymous_8)
FNDA:2,(anonymous_9)
FNDA:3,(anonymous_10)
FNDA:134,usePokemonByTypes
FNDA:37,(anonymous_12)
FNDA:13,(anonymous_13)
DA:20,73
DA:21,73
DA:23,73
DA:24,19
DA:25,46
DA:26,74
DA:28,73
DA:30,42
DA:31,47
DA:32,3
DA:42,134
DA:43,37
DA:45,13
LF:13
LH:13
BRDA:23,0,0,19
BRDA:23,0,1,54
BRDA:23,1,0,73
BRDA:23,1,1,33
BRF:4
BRH:4
end_of_record
TN:
SF:src/hooks/usePokemonList.ts
FN:7,usePokemonList
FN:10,(anonymous_1)
FN:12,(anonymous_2)
FN:13,(anonymous_3)
FN:13,(anonymous_4)
FNF:5
FNH:5
FNDA:123,usePokemonList
FNDA:41,(anonymous_1)
FNDA:227,(anonymous_2)
FNDA:122,(anonymous_3)
FNDA:126,(anonymous_4)
DA:8,123
DA:10,41
DA:12,227
DA:13,126
LF:4
LH:4
BRDA:12,0,0,227
BRDA:12,0,1,15
BRF:2
BRH:2
end_of_record
TN:
SF:src/hooks/usePokemonSearch.ts
FN:14,searchPokemonIndex
FN:25,(anonymous_1)
FN:26,(anonymous_2)
FN:43,usePokemonSearch
FN:52,(anonymous_4)
FNF:5
FNH:5
FNDA:19,searchPokemonIndex
FNDA:62,(anonymous_1)
FNDA:8,(anonymous_2)
FNDA:123,usePokemonSearch
FNDA:56,(anonymous_4)
DA:8,7
DA:18,19
DA:19,19
DA:21,17
DA:22,17
DA:23,6
DA:24,6
DA:25,62
DA:26,8
DA:30,11
DA:31,11
DA:32,11
DA:33,300
DA:34,288
DA:36,11
DA:44,123
DA:51,123
DA:52,56
DA:56,123
LF:19
LH:19
BRDA:19,0,0,2
BRDA:19,0,1,17
BRDA:22,1,0,6
BRDA:22,1,1,11
BRDA:33,2,0,12
BRDA:33,2,1,288
BRDA:34,3,0,29
BRDA:34,3,1,259
BRDA:52,4,0,11
BRDA:52,4,1,45
BRF:10
BRH:10
end_of_record
TN:
SF:src/hooks/usePokemonTypeIndex.ts
FN:12,usePokemonTypeIndex
FN:17,(anonymous_1)
FN:19,(anonymous_2)
FN:22,(anonymous_3)
FN:25,(anonymous_4)
FNF:5
FNH:5
FNDA:123,usePokemonTypeIndex
FNDA:38,(anonymous_1)
FNDA:684,(anonymous_2)
FNDA:674,(anonymous_3)
FNDA:70,(anonymous_4)
DA:13,123
DA:15,123
DA:18,38
DA:20,684
DA:22,674
DA:25,70
LF:6
LH:6
BRF:0
BRH:0
end_of_record
TN:
SF:src/theme/paperTheme.ts
FNF:0
FNH:0
DA:8,9
DA:22,9
DA:36,9
DA:54,9
LF:4
LH:4
BRF:0
BRH:0
end_of_record
TN:
SF:src/theme/typeColors.ts
FN:27,typeColor
FN:35,textColorOn
FN:46,statColor
FNF:3
FNH:3
FNDA:3329,typeColor
FNDA:3310,textColorOn
FNDA:83,statColor
DA:4,11
DA:25,11
DA:28,3329
DA:36,3310
DA:37,3310
DA:38,3310
DA:39,3310
DA:41,3310
DA:42,3310
DA:47,83
DA:48,34
DA:49,5
LF:12
LH:12
BRDA:28,0,0,3329
BRDA:28,0,1,1
BRDA:42,1,0,1786
BRDA:42,1,1,1524
BRDA:47,2,0,49
BRDA:47,2,1,34
BRDA:48,3,0,29
BRDA:48,3,1,5
BRF:8
BRH:8
end_of_record
TN:
SF:src/utils/format.ts
FN:2,formatPokemonId
FN:7,formatName
FN:10,(anonymous_2)
FN:15,formatHeightMeters
FN:20,formatHeightFeetInches
FN:32,formatWeightKg
FN:37,formatWeightLbs
FN:42,idFromUrl
FN:48,artworkUrl
FN:53,spriteUrl
FN:58,formatEffectText
FN:72,formatStatName
FNF:12
FNH:12
FNDA:1378,formatPokemonId
FNDA:7821,formatName
FNDA:7971,(anonymous_2)
FNDA:15,formatHeightMeters
FNDA:17,formatHeightFeetInches
FNDA:14,formatWeightKg
FNDA:14,formatWeightLbs
FNDA:2874,idFromUrl
FNDA:688,artworkUrl
FNDA:688,spriteUrl
FNDA:11,formatEffectText
FNDA:82,formatStatName
DA:3,1378
DA:8,7821
DA:10,7971
DA:16,15
DA:21,17
DA:22,17
DA:23,17
DA:24,17
DA:25,1
DA:26,1
DA:28,17
DA:33,14
DA:38,14
DA:43,2874
DA:44,2874
DA:49,688
DA:54,688
DA:59,11
DA:60,2
DA:63,14
DA:73,82
LF:21
LH:21
BRDA:10,0,0,7967
BRDA:10,0,1,4
BRDA:24,1,0,1
BRDA:24,1,1,16
BRDA:44,2,0,2871
BRDA:44,2,1,3
BRDA:59,3,0,9
BRDA:59,3,1,2
BRDA:73,4,0,82
BRDA:73,4,1,1
BRF:10
BRH:10
end_of_record
